Start testing: Sep 22 20:28 EDT
----------------------------------------------------------
23/64 Testing: test_dro_fallback
23/64 Test: test_dro_fallback
Command: "/home/stephen/ros2_ws/src/DRO_SHMPCC/build-rare-mode/test_dro_fallback"
Directory: /home/stephen/ros2_ws/src/DRO_SHMPCC
"test_dro_fallback" start time: Sep 22 20:28 EDT
Output:
----------------------------------------------------------
[DRO SUMMARY] step=1 obstacle=0 S=8 rho=0 rho_raw=0 D_max=0 D_min=0 tv_bound=inf eta=0 eta_raw=0 radius_m=0 radius_d=1 transport_cost=0 budget_usage=0 lambda=0 q_support=1 nominal_risk=0.225003 qstar_risk=0.225003 risk_lift=0 tv=0
[DRO MODE] step=1 obstacle=0 mode=stop p=1 risk=0.225003 q=1 delta_q=0 q_times_S=8
[DRO SAMPLE] step=1 obstacle=0 mode=stop q=1 q_times_S=8 first_count=8 first_fraction=1 occupancy=80 occupancy_fraction=1
[COLD START SEED] available=1 controls=10 states=11
[SH ANCHOR REPAIR] sweep=0 min_clearance=0.002 repaired=1
[SH ANCHOR] min_clearance=0.002 feasible=1
[COLD START ORDINARY SQP] recovery_seed_available=1 homotopy_deferred=1
[FREE POLY] k=1 disc=0 raw=8 facets=1 vertices=4 rho=0.800001 anchor_shift=0
[FREE POLY] k=2 disc=0 raw=8 facets=1 vertices=4 rho=1.6 anchor_shift=0
[FREE POLY] k=3 disc=0 raw=8 facets=1 vertices=4 rho=2.4 anchor_shift=0
[FREE POLY] k=4 disc=0 raw=8 facets=1 vertices=4 rho=3.202 anchor_shift=0.002
[FREE POLY] k=5 disc=0 raw=8 facets=1 vertices=5 rho=4.95 anchor_shift=0.95
[FREE POLY] k=6 disc=0 raw=8 facets=1 vertices=5 rho=5.75 anchor_shift=0.95
[FREE POLY] k=7 disc=0 raw=8 facets=1 vertices=4 rho=6.55 anchor_shift=0.95
[FREE POLY] k=8 disc=0 raw=8 facets=1 vertices=4 rho=7.35 anchor_shift=0.95
[FREE POLY] k=9 disc=0 raw=8 facets=1 vertices=4 rho=8.15 anchor_shift=0.95
[FREE POLY] k=10 disc=0 raw=8 facets=1 vertices=4 rho=8.95 anchor_shift=0.95
[RF SUPPORT SEED] removed=0 support_limit=6
[SQP] before_solve iter=0 vars=20 constraints=50 max_d=0.494995
[QP WORST] iter=0 row=9 type=collision d=0.494995
[QP WORST COLLISION] scenario=0 k=10 obstacle=0 disc=0
[SQP] after_solve iter=0 converged=0 status=3 iterations=8 primal_residual=0.358128 dual_residual=8.84747 x_size=20 x_finite=1
[SQP LINESEARCH] iter=0 current_violation=0.494995 accepted_violation=0.345152 accepted=1 alpha=1 delta_u_norm=2.43019
[SQP SUPPORT ADD] iter=0 scenario=0
[SQP SUPPORT] iter=0 support_size=1 support_limit=6 support_ok=1
[SQP FINAL] final_violation=0.352924 violated_constraints=6
[SUPPORT FINAL] sqp_union=1 final_active=1 support_limit=6
[SUPPORT FINAL IDS] 0
[SUPPORT UNION IDS] 0
[FINAL VIOL] scenario=0 k=5 obstacle=0 disc=0 signed_clearance=-0.257536
[FINAL VIOL] scenario=0 k=6 obstacle=0 disc=0 signed_clearance=-0.270458
[FINAL VIOL] scenario=0 k=7 obstacle=0 disc=0 signed_clearance=-0.286036
[FINAL VIOL] scenario=0 k=8 obstacle=0 disc=0 signed_clearance=-0.304592
[FINAL VIOL] scenario=0 k=9 obstacle=0 disc=0 signed_clearance=-0.326778
[FINAL VIOL] scenario=0 k=10 obstacle=0 disc=0 signed_clearance=-0.352924
[SQP FALLBACK] final_violation=0.352924 fallback_violation=0.343327 fallback_violated_constraints=6
[COLD START RECOVERY CHECK] ordinary_sqp_failed=1 seed_available=1 incompatible=8 try_homotopy=1
[COLD START SQP FAILED] success=0 sampled_constraints_satisfied=0 used_fallback=1 trying_homotopy=1
[HOMOTOPY CONFLICT] obstacle=0 first=5 last=10
[BRAKE CANDIDATE] feasible=1 incompatible=0 v0=0 terminal_v=0
[HOMOTOPY TRY] side=auto first_conflict=5 last_conflict=10
[SH ANCHOR REPAIR] sweep=0 min_clearance=0.01 repaired=0
[SH ANCHOR] min_clearance=0.01 feasible=1
[FREE POLY] k=1 disc=0 raw=8 facets=1 vertices=4 rho=0.800001 anchor_shift=0
[FREE POLY] k=2 disc=0 raw=8 facets=1 vertices=4 rho=1.6 anchor_shift=0
[FREE POLY] k=3 disc=0 raw=8 facets=1 vertices=4 rho=2.4 anchor_shift=0
[FREE POLY] k=4 disc=0 raw=8 facets=1 vertices=4 rho=3.2 anchor_shift=0
[FREE POLY] k=5 disc=0 raw=8 facets=1 vertices=5 rho=4.95 anchor_shift=0.95
[FREE POLY] k=6 disc=0 raw=8 facets=1 vertices=5 rho=5.75 anchor_shift=0.95
[FREE POLY] k=7 disc=0 raw=8 facets=1 vertices=4 rho=6.55 anchor_shift=0.95
[FREE POLY] k=8 disc=0 raw=8 facets=1 vertices=4 rho=7.35 anchor_shift=0.95
[FREE POLY] k=9 disc=0 raw=8 facets=1 vertices=4 rho=8.15 anchor_shift=0.95
[FREE POLY] k=10 disc=0 raw=8 facets=1 vertices=4 rho=8.95 anchor_shift=0.95
[HOMOTOPY DR START] side=auto constraints=10
[DR RESTORE OUTER] iter=0 collision_violation=0.485267 violated_rows=6 deterministic_ok=1
[DR PROJECTION QP] converged=1 status=0 iterations=5 primal_residual=4.44089e-16 dual_residual=3.98762e-05 x_size=20 x_finite=1
[DR PROJECTION CHECK] linear_violation=0 bound_violation=0
[DR PROJECTION QP] converged=1 status=0 iterations=5 primal_residual=3.33067e-16 dual_residual=2.64698e-08 x_size=20 x_finite=1
[DR PROJECTION CHECK] linear_violation=0 bound_violation=0
[DR RESTORE] iter=0 collision_shadow=0.976979 deterministic_shadow=0.30895 residual=5.38414
[DR PROJECTION QP] converged=1 status=0 iterations=6 primal_residual=8.88178e-16 dual_residual=9.24977e-06 x_size=20 x_finite=1
[DR PROJECTION CHECK] linear_violation=0 bound_violation=0
[DR PROJECTION QP] converged=1 status=0 iterations=4 primal_residual=3.65377e-10 dual_residual=5.56698e-05 x_size=20 x_finite=1
[DR PROJECTION CHECK] linear_violation=0 bound_violation=0
[DR RESTORE] iter=1 collision_shadow=1.01866 deterministic_shadow=0.301199 residual=5.23828
[DR PROJECTION QP] converged=1 status=0 iterations=6 primal_residual=4.44089e-16 dual_residual=3.66399e-09 x_size=20 x_finite=1
[DR PROJECTION CHECK] linear_violation=0 bound_violation=0
[DR PROJECTION QP] converged=1 status=0 iterations=6 primal_residual=4.3772e-16 dual_residual=1.65579e-07 x_size=20 x_finite=1
[DR PROJECTION CHECK] linear_violation=0 bound_violation=0
[DR RESTORE] iter=2 collision_shadow=1.01756 deterministic_shadow=0.29714 residual=5.23085
[DR PROJECTION QP] converged=1 status=0 iterations=6 primal_residual=4.44089e-16 dual_residual=8.14543e-07 x_size=20 x_finite=1
[DR PROJECTION CHECK] linear_violation=0 bound_violation=0
[DR PROJECTION QP] converged=1 status=0 iterations=5 primal_residual=4.25007e-16 dual_residual=3.96486e-05 x_size=20 x_finite=1
[DR PROJECTION CHECK] linear_violation=0 bound_violation=0
[DR RESTORE] iter=3 collision_shadow=1.01697 deterministic_shadow=0.297143 residual=5.22529
[DR PROJECTION QP] converged=1 status=0 iterations=10 primal_residual=4.44089e-16 dual_residual=3.56846e-08 x_size=20 x_finite=1
[DR PROJECTION CHECK] linear_violation=0 bound_violation=0
[DR PROJECTION QP] converged=1 status=0 iterations=6 primal_residual=2.94278e-14 dual_residual=2.62898e-08 x_size=20 x_finite=1
[DR PROJECTION CHECK] linear_violation=0 bound_violation=0
[DR RESTORE] iter=4 collision_shadow=1.01697 deterministic_shadow=0.29714 residual=5.22529
[DR PROJECTION QP] converged=1 status=0 iterations=10 primal_residual=4.79172e-12 dual_residual=1.58635e-07 x_size=20 x_finite=1
[DR PROJECTION CHECK] linear_violation=2.95519e-12 bound_violation=0
[DR PROJECTION QP] converged=1 status=0 iterations=6 primal_residual=8.03385e-14 dual_residual=7.70765e-06 x_size=20 x_finite=1
[DR PROJECTION CHECK] linear_violation=0 bound_violation=0
[DR RESTORE] iter=5 collision_shadow=1.01697 deterministic_shadow=0.297141 residual=5.22529
[DR PROJECTION QP] converged=1 status=0 iterations=10 primal_residual=6.63025e-13 dual_residual=4.70794e-09 x_size=20 x_finite=1
[DR PROJECTION CHECK] linear_violation=3.90632e-13 bound_violation=0
[DR PROJECTION QP] converged=1 status=0 iterations=8 primal_residual=5.27148e-14 dual_residual=1.14617e-05 x_size=20 x_finite=1
[DR PROJECTION CHECK] linear_violation=0 bound_violation=0
[DR RESTORE] iter=6 collision_shadow=1.01697 deterministic_shadow=0.297141 residual=5.22529
[DR PROJECTION QP] converged=1 status=0 iterations=10 primal_residual=2.12962e-11 dual_residual=8.15856e-08 x_size=20 x_finite=1
[DR PROJECTION CHECK] linear_violation=4.69547e-12 bound_violation=0
[DR PROJECTION QP] converged=1 status=0 iterations=8 primal_residual=3.33067e-14 dual_residual=6.68671e-06 x_size=20 x_finite=1
[DR PROJECTION CHECK] linear_violation=0 bound_violation=0
[DR RESTORE] iter=7 collision_shadow=1.01697 deterministic_shadow=0.297141 residual=5.22529
[DR PROJECTION QP] converged=1 status=0 iterations=11 primal_residual=1.35891e-13 dual_residual=1.11989e-10 x_size=20 x_finite=1
[DR PROJECTION CHECK] linear_violation=4.51861e-14 bound_violation=0
[DR PROJECTION QP] converged=1 status=0 iterations=8 primal_residual=4.03864e-13 dual_residual=2.52479e-05 x_size=20 x_finite=1
[DR PROJECTION CHECK] linear_violation=0 bound_violation=0
[DR RESTORE] iter=8 collision_shadow=1.01697 deterministic_shadow=0.297142 residual=5.22529
[DR PROJECTION QP] converged=1 status=0 iterations=11 primal_residual=2.54352e-13 dual_residual=1.6191e-10 x_size=20 x_finite=1
[DR PROJECTION CHECK] linear_violation=5.50116e-14 bound_violation=0
[DR PROJECTION QP] converged=1 status=0 iterations=7 primal_residual=3.88578e-16 dual_residual=4.57034e-06 x_size=20 x_finite=1
[DR PROJECTION CHECK] linear_violation=0 bound_violation=0
[DR RESTORE] iter=9 collision_shadow=1.01697 deterministic_shadow=0.297141 residual=5.22529
[DR PROJECTION QP] converged=1 status=0 iterations=10 primal_residual=3.83804e-13 dual_residual=2.10151e-10 x_size=20 x_finite=1
[DR PROJECTION CHECK] linear_violation=9.4813e-14 bound_violation=0
[DR PROJECTION QP] converged=1 status=0 iterations=7 primal_residual=4.22676e-16 dual_residual=2.10928e-05 x_size=20 x_finite=1
[DR PROJECTION CHECK] linear_violation=0 bound_violation=0
[DR RESTORE] iter=10 collision_shadow=1.01697 deterministic_shadow=0.297143 residual=5.22529
[DR PROJECTION QP] converged=1 status=0 iterations=10 primal_residual=5.24203e-12 dual_residual=2.4349e-09 x_size=20 x_finite=1
[DR PROJECTION CHECK] linear_violation=1.78446e-12 bound_violation=0
[DR PROJECTION QP] converged=1 status=0 iterations=7 primal_residual=1.76569e-10 dual_residual=6.7649e-05 x_size=20 x_finite=1
[DR PROJECTION CHECK] linear_violation=0 bound_violation=0
[DR RESTORE] iter=11 collision_shadow=1.01697 deterministic_shadow=0.29715 residual=5.22529
[DR PROJECTION QP] converged=1 status=0 iterations=10 primal_residual=4.78898e-09 dual_residual=2.65056e-06 x_size=20 x_finite=1
[DR PROJECTION CHECK] linear_violation=1.47081e-09 bound_violation=0
[DR PROJECTION QP] converged=1 status=0 iterations=8 primal_residual=6.03684e-16 dual_residual=4.83521e-10 x_size=20 x_finite=1
[DR PROJECTION CHECK] linear_violation=0 bound_violation=0
[DR RESTORE] iter=12 collision_shadow=1.01697 deterministic_shadow=0.297148 residual=5.22529
[DR PROJECTION QP] converged=1 status=0 iterations=11 primal_residual=4.80727e-14 dual_residual=1.61384e-11 x_size=20 x_finite=1
[DR PROJECTION CHECK] linear_violation=3.13638e-14 bound_violation=0
[DR PROJECTION QP] converged=1 status=0 iterations=8 primal_residual=1.08871e-14 dual_residual=7.23653e-09 x_size=20 x_finite=1
[DR PROJECTION CHECK] linear_violation=0 bound_violation=0
[DR RESTORE] iter=13 collision_shadow=1.01697 deterministic_shadow=0.297148 residual=5.22529
[DR PROJECTION QP] converged=1 status=0 iterations=11 primal_residual=1.3193e-11 dual_residual=5.06141e-09 x_size=20 x_finite=1
[DR PROJECTION CHECK] linear_violation=8.67029e-12 bound_violation=0
[DR PROJECTION QP] converged=1 status=0 iterations=8 primal_residual=8.83252e-14 dual_residual=6.69241e-08 x_size=20 x_finite=1
[DR PROJECTION CHECK] linear_violation=0 bound_violation=0
[DR RESTORE] iter=14 collision_shadow=1.01697 deterministic_shadow=0.297148 residual=5.22529
[DR PROJECTION QP] converged=1 status=0 iterations=11 primal_residual=7.26659e-09 dual_residual=2.98164e-06 x_size=20 x_finite=1
[DR PROJECTION CHECK] linear_violation=4.77306e-09 bound_violation=0
[DR PROJECTION QP] converged=1 status=0 iterations=8 primal_residual=4.13357e-13 dual_residual=4.05851e-07 x_size=20 x_finite=1
[DR PROJECTION CHECK] linear_violation=0 bound_violation=0
[DR RESTORE] iter=15 collision_shadow=1.01697 deterministic_shadow=0.297148 residual=5.22529
[DR PROJECTION QP] converged=1 status=0 iterations=11 primal_residual=3.00858e-08 dual_residual=1.34021e-05 x_size=20 x_finite=1
[DR PROJECTION CHECK] linear_violation=1.89975e-08 bound_violation=0
[DR PROJECTION QP] converged=1 status=0 iterations=8 primal_residual=1.26679e-12 dual_residual=1.71673e-06 x_size=20 x_finite=1
[DR PROJECTION CHECK] linear_violation=0 bound_violation=0
[DR RESTORE] iter=16 collision_shadow=1.01697 deterministic_shadow=0.297147 residual=5.22529
[DR PROJECTION QP] converged=1 status=0 iterations=11 primal_residual=4.44089e-16 dual_residual=4.87888e-05 x_size=20 x_finite=1
[DR PROJECTION CHECK] linear_violation=0 bound_violation=0
[DR PROJECTION QP] converged=1 status=0 iterations=8 primal_residual=2.77788e-12 dual_residual=5.40075e-06 x_size=20 x_finite=1
[DR PROJECTION CHECK] linear_violation=0 bound_violation=0
[DR RESTORE] iter=17 collision_shadow=1.01697 deterministic_shadow=0.297147 residual=5.22529
[DR PROJECTION QP] converged=1 status=0 iterations=12 primal_residual=2.04396e-08 dual_residual=8.07442e-05 x_size=20 x_finite=1
[DR PROJECTION CHECK] linear_violation=1.23097e-08 bound_violation=0
[DR PROJECTION QP] converged=1 status=0 iterations=8 primal_residual=4.65975e-12 dual_residual=1.34101e-05 x_size=20 x_finite=1
[DR PROJECTION CHECK] linear_violation=0 bound_violation=0
[DR RESTORE] iter=18 collision_shadow=1.01698 deterministic_shadow=0.297143 residual=5.22529
[DR PROJECTION QP] converged=1 status=0 iterations=13 primal_residual=2.55351e-15 dual_residual=8.07251e-11 x_size=20 x_finite=1
[DR PROJECTION CHECK] linear_violation=2.22045e-16 bound_violation=0
[DR PROJECTION QP] converged=1 status=0 iterations=8 primal_residual=6.01692e-12 dual_residual=2.76504e-05 x_size=20 x_finite=1
[DR PROJECTION CHECK] linear_violation=0 bound_violation=0
[DR RESTORE] iter=19 collision_shadow=1.01697 deterministic_shadow=0.297148 residual=5.22529
[DR PROJECTION QP] converged=1 status=0 iterations=13 primal_residual=4.44089e-16 dual_residual=2.47956e-10 x_size=20 x_finite=1
[DR PROJECTION CHECK] linear_violation=0 bound_violation=0
[DR PROJECTION QP] converged=1 status=0 iterations=8 primal_residual=4.44089e-16 dual_residual=5.06839e-05 x_size=20 x_finite=1
[DR PROJECTION CHECK] linear_violation=0 bound_violation=0
[DR RESTORE] iter=20 collision_shadow=1.01697 deterministic_shadow=0.297151 residual=5.22529
[DR PROJECTION QP] converged=1 status=0 iterations=13 primal_residual=4.44089e-16 dual_residual=6.53755e-10 x_size=20 x_finite=1
[DR PROJECTION CHECK] linear_violation=0 bound_violation=0
[DR PROJECTION QP] converged=1 status=0 iterations=8 primal_residual=4.44089e-16 dual_residual=9.20754e-05 x_size=20 x_finite=1
[DR PROJECTION CHECK] linear_violation=0 bound_violation=0
[DR RESTORE] iter=21 collision_shadow=1.01697 deterministic_shadow=0.297157 residual=5.22529
[DR PROJECTION QP] converged=1 status=0 iterations=13 primal_residual=4.09998e-16 dual_residual=7.38384e-10 x_size=20 x_finite=1
[DR PROJECTION CHECK] linear_violation=0 bound_violation=0
[DR PROJECTION QP] converged=1 status=0 iterations=9 primal_residual=4.24173e-16 dual_residual=1.04947e-09 x_size=20 x_finite=1
[DR PROJECTION CHECK] linear_violation=0 bound_violation=0
[DR RESTORE] iter=22 collision_shadow=1.01697 deterministic_shadow=0.297152 residual=5.22529
[DR PROJECTION QP] converged=1 status=0 iterations=12 primal_residual=4.44089e-16 dual_residual=7.31723e-05 x_size=20 x_finite=1
[DR PROJECTION CHECK] linear_violation=0 bound_violation=0
[DR PROJECTION QP] converged=1 status=0 iterations=9 primal_residual=4.44089e-16 dual_residual=4.15175e-09 x_size=20 x_finite=1
[DR PROJECTION CHECK] linear_violation=0 bound_violation=0
[DR RESTORE] iter=23 collision_shadow=1.01697 deterministic_shadow=0.297152 residual=5.22529
[DR PROJECTION QP] converged=1 status=0 iterations=14 primal_residual=2.66454e-15 dual_residual=7.05852e-11 x_size=20 x_finite=1
[DR PROJECTION CHECK] linear_violation=6.66134e-16 bound_violation=0
[DR PROJECTION QP] converged=1 status=0 iterations=9 primal_residual=3.88578e-16 dual_residual=1.23014e-08 x_size=20 x_finite=1
[DR PROJECTION CHECK] linear_violation=0 bound_violation=0
[DR RESTORE] iter=24 collision_shadow=1.01697 deterministic_shadow=0.297152 residual=5.22529
[DR PROJECTION QP] converged=1 status=0 iterations=14 primal_residual=4.44089e-16 dual_residual=1.24211e-10 x_size=20 x_finite=1
[DR PROJECTION CHECK] linear_violation=0 bound_violation=0
[DR PROJECTION QP] converged=1 status=0 iterations=9 primal_residual=4.44089e-16 dual_residual=2.86884e-08 x_size=20 x_finite=1
[DR PROJECTION CHECK] linear_violation=0 bound_violation=0
[DR RESTORE] iter=25 collision_shadow=1.01697 deterministic_shadow=0.297152 residual=5.22529
[DR PROJECTION QP] converged=1 status=0 iterations=14 primal_residual=2.77556e-15 dual_residual=1.10738e-10 x_size=20 x_finite=1
[DR PROJECTION CHECK] linear_violation=0 bound_violation=0
[DR PROJECTION QP] converged=1 status=0 iterations=9 primal_residual=4.44089e-16 dual_residual=3.71936e-08 x_size=20 x_finite=1
[DR PROJECTION CHECK] linear_violation=0 bound_violation=0
[DR RESTORE] iter=26 collision_shadow=1.01697 deterministic_shadow=0.297152 residual=5.22529
[DR PROJECTION QP] converged=1 status=0 iterations=13 primal_residual=7.595e-09 dual_residual=1.58951e-05 x_size=20 x_finite=1
[DR PROJECTION CHECK] linear_violation=4.03882e-10 bound_violation=0
[DR PROJECTION QP] converged=1 status=0 iterations=9 primal_residual=4.78784e-16 dual_residual=2.6695e-08 x_size=20 x_finite=1
[DR PROJECTION CHECK] linear_violation=0 bound_violation=0
[DR RESTORE] iter=27 collision_shadow=1.01697 deterministic_shadow=0.297152 residual=5.22529
[DR PROJECTION QP] converged=1 status=0 iterations=15 primal_residual=8.88178e-16 dual_residual=7.83977e-08 x_size=20 x_finite=1
[DR PROJECTION CHECK] linear_violation=0 bound_violation=0
[DR PROJECTION QP] converged=1 status=0 iterations=9 primal_residual=4.09612e-16 dual_residual=1.09699e-08 x_size=20 x_finite=1
[DR PROJECTION CHECK] linear_violation=0 bound_violation=0
[DR RESTORE] iter=28 collision_shadow=1.01697 deterministic_shadow=0.297152 residual=5.22529
[DR PROJECTION QP] converged=1 status=0 iterations=15 primal_residual=5.81989e-10 dual_residual=3.10246e-07 x_size=20 x_finite=1
[DR PROJECTION CHECK] linear_violation=3.00629e-10 bound_violation=0
[DR PROJECTION QP] converged=1 status=0 iterations=9 primal_residual=3.49201e-16 dual_residual=3.57132e-09 x_size=20 x_finite=1
[DR PROJECTION CHECK] linear_violation=0 bound_violation=0
[DR RESTORE] iter=29 collision_shadow=1.01697 deterministic_shadow=0.297152 residual=5.22529
[DR PROJECTION QP] converged=1 status=0 iterations=15 primal_residual=7.84776e-10 dual_residual=8.04145e-07 x_size=20 x_finite=1
[DR PROJECTION CHECK] linear_violation=3.02481e-10 bound_violation=0
[DR PROJECTION QP] converged=1 status=0 iterations=9 primal_residual=4.36906e-16 dual_residual=3.37248e-09 x_size=20 x_finite=1
[DR PROJECTION CHECK] linear_violation=0 bound_violation=0
[DR RESTORE] iter=30 collision_shadow=1.01697 deterministic_shadow=0.297152 residual=5.22529
[DR PROJECTION QP] converged=1 status=0 iterations=15 primal_residual=8.94413e-08 dual_residual=8.07802e-05 x_size=20 x_finite=1
[DR PROJECTION CHECK] linear_violation=5.58932e-08 bound_violation=0
[DR PROJECTION QP] converged=1 status=0 iterations=9 primal_residual=4.44089e-16 dual_residual=3.8232e-07 x_size=20 x_finite=1
[DR PROJECTION CHECK] linear_violation=0 bound_violation=0
[DR RESTORE] iter=31 collision_shadow=1.01698 deterministic_shadow=0.297145 residual=5.22529
[DR PROJECTION QP] converged=1 status=0 iterations=17 primal_residual=4.66294e-15 dual_residual=3.8384e-11 x_size=20 x_finite=1
[DR PROJECTION CHECK] linear_violation=2.66454e-15 bound_violation=0
[DR PROJECTION QP] converged=1 status=0 iterations=9 primal_residual=4.44089e-16 dual_residual=4.94133e-07 x_size=20 x_finite=1
[DR PROJECTION CHECK] linear_violation=0 bound_violation=0
[DR RESTORE] iter=32 collision_shadow=1.01696 deterministic_shadow=0.297148 residual=5.22529
[DR PROJECTION QP] converged=1 status=0 iterations=17 primal_residual=9.88098e-15 dual_residual=2.03108e-11 x_size=20 x_finite=1
[DR PROJECTION CHECK] linear_violation=6.21725e-15 bound_violation=0
[DR PROJECTION QP] converged=1 status=0 iterations=9 primal_residual=4.44089e-16 dual_residual=6.53801e-07 x_size=20 x_finite=1
[DR PROJECTION CHECK] linear_violation=0 bound_violation=0
[DR RESTORE] iter=33 collision_shadow=1.01697 deterministic_shadow=0.297148 residual=5.22529
[DR PROJECTION QP] converged=1 status=0 iterations=17 primal_residual=1.05471e-14 dual_residual=1.02614e-11 x_size=20 x_finite=1
[DR PROJECTION CHECK] linear_violation=6.88338e-15 bound_violation=0
[DR PROJECTION QP] converged=1 status=0 iterations=9 primal_residual=4.19478e-16 dual_residual=8.65805e-07 x_size=20 x_finite=1
[DR PROJECTION CHECK] linear_violation=0 bound_violation=0
[DR RESTORE] iter=34 collision_shadow=1.01697 deterministic_shadow=0.297148 residual=5.22529
[DR PROJECTION QP] converged=1 status=0 iterations=16 primal_residual=8.97225e-08 dual_residual=6.463e-05 x_size=20 x_finite=1
[DR PROJECTION CHECK] linear_violation=5.87161e-08 bound_violation=0
[DR PROJECTION QP] converged=1 status=0 iterations=9 primal_residual=3.33067e-16 dual_residual=1.11229e-06 x_size=20 x_finite=1
[DR PROJECTION CHECK] linear_violation=0 bound_violation=0
[DR RESTORE] iter=35 collision_shadow=1.01698 deterministic_shadow=0.297144 residual=5.22529
[DR PROJECTION QP] converged=1 status=0 iterations=16 primal_residual=8.88178e-16 dual_residual=1.12787e-05 x_size=20 x_finite=1
[DR PROJECTION CHECK] linear_violation=0 bound_violation=0
[DR PROJECTION QP] converged=1 status=0 iterations=9 primal_residual=3.88578e-16 dual_residual=1.39375e-06 x_size=20 x_finite=1
[DR PROJECTION CHECK] linear_violation=0 bound_violation=0
[DR RESTORE] iter=36 collision_shadow=1.01697 deterministic_shadow=0.297146 residual=5.22529
[DR PROJECTION QP] converged=1 status=0 iterations=17 primal_residual=2.54828e-08 dual_residual=9.20244e-06 x_size=20 x_finite=1
[DR PROJECTION CHECK] linear_violation=1.68258e-08 bound_violation=0
[DR PROJECTION QP] converged=1 status=0 iterations=9 primal_residual=3.88578e-16 dual_residual=1.74127e-06 x_size=20 x_finite=1
[DR PROJECTION CHECK] linear_violation=0 bound_violation=0
[DR RESTORE] iter=37 collision_shadow=1.01697 deterministic_shadow=0.297146 residual=5.22529
[DR PROJECTION QP] converged=1 status=0 iterations=17 primal_residual=2.89285e-08 dual_residual=1.1492e-05 x_size=20 x_finite=1
[DR PROJECTION CHECK] linear_violation=1.89881e-08 bound_violation=0
[DR PROJECTION QP] converged=1 status=0 iterations=9 primal_residual=4.44089e-16 dual_residual=2.1509e-06 x_size=20 x_finite=1
[DR PROJECTION CHECK] linear_violation=0 bound_violation=0
[DR RESTORE] iter=38 collision_shadow=1.01697 deterministic_shadow=0.297146 residual=5.22529
[DR PROJECTION QP] converged=1 status=0 iterations=16 primal_residual=1.58799e-08 dual_residual=1.57915e-05 x_size=20 x_finite=1
[DR PROJECTION CHECK] linear_violation=1.00081e-08 bound_violation=0
[DR PROJECTION QP] converged=1 status=0 iterations=9 primal_residual=4.23489e-16 dual_residual=2.60287e-06 x_size=20 x_finite=1
[DR PROJECTION CHECK] linear_violation=0 bound_violation=0
[DR RESTORE] iter=39 collision_shadow=1.01697 deterministic_shadow=0.297145 residual=5.22529
[DR PROJECTION QP] converged=1 status=0 iterations=16 primal_residual=1.9942e-07 dual_residual=4.86966e-05 x_size=20 x_finite=1
[DR PROJECTION CHECK] linear_violation=1.30199e-07 bound_violation=0
[DR PROJECTION QP] converged=1 status=0 iterations=9 primal_residual=4.44089e-16 dual_residual=4.8911e-06 x_size=20 x_finite=1
[DR PROJECTION CHECK] linear_violation=0 bound_violation=0
[DR RESTORE] iter=40 collision_shadow=1.01697 deterministic_shadow=0.297145 residual=5.22529
[DR PROJECTION QP] converged=1 status=0 iterations=18 primal_residual=4.41552e-11 dual_residual=2.53524e-08 x_size=20 x_finite=1
[DR PROJECTION CHECK] linear_violation=2.70201e-11 bound_violation=0
[DR PROJECTION QP] converged=1 status=0 iterations=9 primal_residual=4.44089e-16 dual_residual=8.77109e-06 x_size=20 x_finite=1
[DR PROJECTION CHECK] linear_violation=0 bound_violation=0
[DR RESTORE] iter=41 collision_shadow=1.01697 deterministic_shadow=0.297146 residual=5.22529
[DR PROJECTION QP] converged=1 status=0 iterations=18 primal_residual=4.44089e-16 dual_residual=1.29344e-09 x_size=20 x_finite=1
[DR PROJECTION CHECK] linear_violation=0 bound_violation=0
[DR PROJECTION QP] converged=1 status=0 iterations=9 primal_residual=4.02022e-16 dual_residual=2.55457e-05 x_size=20 x_finite=1
[DR PROJECTION CHECK] linear_violation=0 bound_violation=0
[DR RESTORE] iter=42 collision_shadow=1.01697 deterministic_shadow=0.297147 residual=5.22529
[DR PROJECTION QP] converged=1 status=0 iterations=18 primal_residual=4.44089e-16 dual_residual=7.49547e-10 x_size=20 x_finite=1
[DR PROJECTION CHECK] linear_violation=0 bound_violation=0
[DR PROJECTION QP] converged=1 status=0 iterations=11 primal_residual=4.24806e-16 dual_residual=4.25376e-10 x_size=20 x_finite=1
[DR PROJECTION CHECK] linear_violation=0 bound_violation=0
[DR RESTORE] iter=43 collision_shadow=1.01697 deterministic_shadow=0.297146 residual=5.22529
[DR PROJECTION QP] converged=1 status=0 iterations=16 primal_residual=7.50617e-09 dual_residual=2.98293e-06 x_size=20 x_finite=1
[DR PROJECTION CHECK] linear_violation=4.97326e-09 bound_violation=0
[DR PROJECTION QP] converged=1 status=0 iterations=11 primal_residual=4.11929e-16 dual_residual=6.49357e-10 x_size=20 x_finite=1
[DR PROJECTION CHECK] linear_violation=0 bound_violation=0
[DR RESTORE] iter=44 collision_shadow=1.01697 deterministic_shadow=0.297146 residual=5.22529
[DR PROJECTION QP] converged=1 status=0 iterations=18 primal_residual=4.55191e-15 dual_residual=1.72284e-11 x_size=20 x_finite=1
[DR PROJECTION CHECK] linear_violation=0 bound_violation=0
[DR PROJECTION QP] converged=1 status=0 iterations=11 primal_residual=4.44089e-16 dual_residual=9.38172e-10 x_size=20 x_finite=1
[DR PROJECTION CHECK] linear_violation=0 bound_violation=0
[DR RESTORE] iter=45 collision_shadow=1.01697 deterministic_shadow=0.297146 residual=5.22529
[DR PROJECTION QP] converged=1 status=0 iterations=19 primal_residual=1.11022e-14 dual_residual=6.06055e-11 x_size=20 x_finite=1
[DR PROJECTION CHECK] linear_violation=6.77236e-15 bound_violation=0
[DR PROJECTION QP] converged=1 status=0 iterations=11 primal_residual=3.88578e-16 dual_residual=1.52588e-09 x_size=20 x_finite=1
[DR PROJECTION CHECK] linear_violation=0 bound_violation=0
[DR RESTORE] iter=46 collision_shadow=1.01697 deterministic_shadow=0.297146 residual=5.22529
[DR PROJECTION QP] converged=1 status=0 iterations=21 primal_residual=1.77636e-15 dual_residual=6.09571e-11 x_size=20 x_finite=1
[DR PROJECTION CHECK] linear_violation=4.996e-16 bound_violation=0
[DR PROJECTION QP] converged=1 status=0 iterations=11 primal_residual=4.44089e-16 dual_residual=2.59054e-09 x_size=20 x_finite=1
[DR PROJECTION CHECK] linear_violation=0 bound_violation=0
[DR RESTORE] iter=47 collision_shadow=1.01697 deterministic_shadow=0.297146 residual=5.22529
[DR PROJECTION QP] converged=1 status=0 iterations=21 primal_residual=2.17572e-09 dual_residual=2.07683e-06 x_size=20 x_finite=1
[DR PROJECTION CHECK] linear_violation=1.35002e-09 bound_violation=0
[DR PROJECTION QP] converged=1 status=0 iterations=15 primal_residual=3.84241e-16 dual_residual=1.33408e-08 x_size=20 x_finite=1
[DR PROJECTION CHECK] linear_violation=0 bound_violation=0
[DR RESTORE] iter=48 collision_shadow=1.01697 deterministic_shadow=0.297145 residual=5.22529
[DR PROJECTION QP] converged=1 status=0 iterations=18 primal_residual=6.30055e-08 dual_residual=3.76655e-05 x_size=20 x_finite=1
[DR PROJECTION CHECK] linear_violation=4.17457e-08 bound_violation=0
[DR PROJECTION QP] converged=1 status=0 iterations=16 primal_residual=4.44089e-16 dual_residual=9.67319e-05 x_size=20 x_finite=1
[DR PROJECTION CHECK] linear_violation=0 bound_violation=0
[DR RESTORE] iter=49 collision_shadow=1.01697 deterministic_shadow=0.297152 residual=5.22529
[DR RESTORE] max_iterations_reached=1
[DR RESTORE OUTER] iter=0 linearized_restore_failed=1
[HOMOTOPY RESULT] side=auto restored=0
[HOMOTOPY TRY] side=path first_conflict=5 last_conflict=10
[HOMOTOPY SEED] side=path k=1 backup_lat=0 target_lat=0 desired_lat=0
[HOMOTOPY SEED] side=path k=2 backup_lat=0 target_lat=0 desired_lat=0
[HOMOTOPY SEED] side=path k=3 backup_lat=0 target_lat=0 desired_lat=0
[HOMOTOPY SEED] side=path k=4 backup_lat=0 target_lat=0 desired_lat=0
[HOMOTOPY SEED] side=path k=5 backup_lat=0 target_lat=0 desired_lat=0
[HOMOTOPY SEED] side=path k=6 backup_lat=0 target_lat=0 desired_lat=0
[HOMOTOPY SEED] side=path k=7 backup_lat=0 target_lat=0 desired_lat=0
[HOMOTOPY SEED] side=path k=8 backup_lat=0 target_lat=0 desired_lat=0
[HOMOTOPY SEED] side=path k=9 backup_lat=0 target_lat=0 desired_lat=0
[HOMOTOPY SEED] side=path k=10 backup_lat=0 target_lat=0 desired_lat=0
[HOMOTOPY RESULT] side=path path_blocked=1 incompatible=8
[HOMOTOPY TRY] side=left first_conflict=5 last_conflict=10
[HOMOTOPY SEED] side=left k=1 backup_lat=0 target_lat=1.1 desired_lat=0.1144
[HOMOTOPY SEED] side=left k=2 backup_lat=0 target_lat=1.1 desired_lat=0.3872
[HOMOTOPY SEED] side=left k=3 backup_lat=0 target_lat=1.1 desired_lat=0.7128
[HOMOTOPY SEED] side=left k=4 backup_lat=0 target_lat=1.1 desired_lat=0.9856
[HOMOTOPY SEED] side=left k=5 backup_lat=0 target_lat=1.1 desired_lat=1.1
[HOMOTOPY SEED] side=left k=6 backup_lat=0 target_lat=1.1 desired_lat=1.1
[HOMOTOPY SEED] side=left k=7 backup_lat=0 target_lat=1.1 desired_lat=1.1
[HOMOTOPY SEED] side=left k=8 backup_lat=0 target_lat=1.1 desired_lat=1.1
[HOMOTOPY SEED] side=left k=9 backup_lat=0 target_lat=1.1 desired_lat=1.1
[HOMOTOPY SEED] side=left k=10 backup_lat=0 target_lat=1.1 desired_lat=1.1
[SH ANCHOR REPAIR] sweep=0 min_clearance=0.0540386 repaired=0
[SH ANCHOR] min_clearance=0.0540386 feasible=1
[FREE POLY] k=1 disc=0 raw=8 facets=1 vertices=4 rho=0.914401 anchor_shift=0.1144
[FREE POLY] k=2 disc=0 raw=8 facets=1 vertices=4 rho=1.9872 anchor_shift=0.3872
[FREE POLY] k=3 disc=0 raw=8 facets=1 vertices=4 rho=3.1128 anchor_shift=0.7128
[FREE POLY] k=4 disc=0 raw=8 facets=1 vertices=5 rho=4.1856 anchor_shift=0.9856
[FREE POLY] k=5 disc=0 raw=8 facets=1 vertices=4 rho=5.1 anchor_shift=1.1
[FREE POLY] k=6 disc=0 raw=8 facets=1 vertices=4 rho=5.9 anchor_shift=1.1
[FREE POLY] k=7 disc=0 raw=8 facets=1 vertices=4 rho=6.7 anchor_shift=1.1
[FREE POLY] k=8 disc=0 raw=8 facets=1 vertices=4 rho=7.5 anchor_shift=1.1
[FREE POLY] k=9 disc=0 raw=8 facets=1 vertices=4 rho=8.3 anchor_shift=1.1
[FREE POLY] k=10 disc=0 raw=8 facets=1 vertices=4 rho=9.1 anchor_shift=1.1
[HOMOTOPY DR START] side=left constraints=10
[DR RESTORE OUTER] iter=0 collision_violation=0.527497 violated_rows=9 deterministic_ok=1
[DR PROJECTION QP] converged=1 status=0 iterations=8 primal_residual=1.26703e-10 dual_residual=2.66611e-05 x_size=20 x_finite=1
[DR PROJECTION CHECK] linear_violation=6.69759e-12 bound_violation=0
[DR PROJECTION QP] converged=1 status=0 iterations=6 primal_residual=4.32574e-16 dual_residual=1.78863e-05 x_size=20 x_finite=1
[DR PROJECTION CHECK] linear_violation=0 bound_violation=0
[DR RESTORE] iter=0 collision_shadow=1.40974 deterministic_shadow=0.380607 residual=7.85671
[DR PROJECTION QP] converged=1 status=0 iterations=8 primal_residual=2.89534e-16 dual_residual=1.04232e-05 x_size=20 x_finite=1
[DR PROJECTION CHECK] linear_violation=0 bound_violation=0
[DR PROJECTION QP] converged=1 status=0 iterations=7 primal_residual=4.44089e-16 dual_residual=2.10072e-05 x_size=20 x_finite=1
[DR PROJECTION CHECK] linear_violation=0 bound_violation=0
[DR RESTORE] iter=1 collision_shadow=1.4231 deterministic_shadow=0.374802 residual=7.82323
[DR PROJECTION QP] converged=1 status=0 iterations=7 primal_residual=4.44089e-16 dual_residual=4.95189e-06 x_size=20 x_finite=1
[DR PROJECTION CHECK] linear_violation=0 bound_violation=0
[DR PROJECTION QP] converged=1 status=0 iterations=7 primal_residual=3.88578e-16 dual_residual=2.01432e-05 x_size=20 x_finite=1
[DR PROJECTION CHECK] linear_violation=0 bound_violation=0
[DR RESTORE] iter=2 collision_shadow=1.42219 deterministic_shadow=0.374799 residual=7.81921
[DR PROJECTION QP] converged=1 status=0 iterations=13 primal_residual=8.88178e-16 dual_residual=2.30728e-07 x_size=20 x_finite=1
[DR PROJECTION CHECK] linear_violation=0 bound_violation=0
[DR PROJECTION QP] converged=1 status=0 iterations=9 primal_residual=4.02641e-16 dual_residual=8.32442e-05 x_size=20 x_finite=1
[DR PROJECTION CHECK] linear_violation=0 bound_violation=0
[DR RESTORE] iter=3 collision_shadow=1.42219 deterministic_shadow=0.374813 residual=7.81921
[DR PROJECTION QP] converged=1 status=0 iterations=14 primal_residual=8.88178e-16 dual_residual=4.72386e-11 x_size=20 x_finite=1
[DR PROJECTION CHECK] linear_violation=0 bound_violation=0
[DR PROJECTION QP] converged=1 status=0 iterations=9 primal_residual=4.44089e-16 dual_residual=6.44884e-05 x_size=20 x_finite=1
[DR PROJECTION CHECK] linear_violation=0 bound_violation=0
[DR RESTORE] iter=4 collision_shadow=1.42219 deterministic_shadow=0.374805 residual=7.81921
[DR PROJECTION QP] converged=1 status=0 iterations=14 primal_residual=4.15209e-16 dual_residual=4.91331e-05 x_size=20 x_finite=1
[DR PROJECTION CHECK] linear_violation=0 bound_violation=0
[DR PROJECTION QP] converged=1 status=0 iterations=11 primal_residual=4.44089e-16 dual_residual=5.83426e-06 x_size=20 x_finite=1
[DR PROJECTION CHECK] linear_violation=0 bound_violation=0
[DR RESTORE] iter=5 collision_shadow=1.42219 deterministic_shadow=0.374792 residual=7.81921
[DR PROJECTION QP] converged=1 status=0 iterations=16 primal_residual=8.88178e-16 dual_residual=3.39852e-10 x_size=20 x_finite=1
[DR PROJECTION CHECK] linear_violation=0 bound_violation=0
[DR PROJECTION QP] converged=1 status=0 iterations=12 primal_residual=4.44089e-16 dual_residual=5.47478e-06 x_size=20 x_finite=1
[DR PROJECTION CHECK] linear_violation=0 bound_violation=0
[DR RESTORE] iter=6 collision_shadow=1.42219 deterministic_shadow=0.374792 residual=7.81921
[DR PROJECTION QP] converged=1 status=0 iterations=16 primal_residual=3.55808e-16 dual_residual=2.28738e-06 x_size=20 x_finite=1
[DR PROJECTION CHECK] linear_violation=0 bound_violation=0
[DR PROJECTION QP] converged=1 status=0 iterations=12 primal_residual=3.67672e-16 dual_residual=3.05106e-05 x_size=20 x_finite=1
[DR PROJECTION CHECK] linear_violation=0 bound_violation=0
[DR RESTORE] iter=7 collision_shadow=1.42219 deterministic_shadow=0.374797 residual=7.81921
[DR PROJECTION QP] converged=1 status=0 iterations=15 primal_residual=1.81462e-09 dual_residual=7.17595e-06 x_size=20 x_finite=1
[DR PROJECTION CHECK] linear_violation=1.08667e-09 bound_violation=0
[DR PROJECTION QP] converged=1 status=0 iterations=12 primal_residual=4.44089e-16 dual_residual=5.71295e-05 x_size=20 x_finite=1
[DR PROJECTION CHECK] linear_violation=0 bound_violation=0
[DR RESTORE] iter=8 collision_shadow=1.42219 deterministic_shadow=0.374801 residual=7.81921
[DR PROJECTION QP] converged=1 status=0 iterations=15 primal_residual=8.88178e-16 dual_residual=1.04584e-05 x_size=20 x_finite=1
[DR PROJECTION CHECK] linear_violation=0 bound_violation=0
[DR PROJECTION QP] converged=1 status=0 iterations=12 primal_residual=3.8269e-16 dual_residual=7.84216e-05 x_size=20 x_finite=1
[DR PROJECTION CHECK] linear_violation=0 bound_violation=0
[DR RESTORE] iter=9 collision_shadow=1.42219 deterministic_shadow=0.374803 residual=7.81921
[DR PROJECTION QP] converged=1 status=0 iterations=16 primal_residual=4.44089e-16 dual_residual=6.64499e-11 x_size=20 x_finite=1
[DR PROJECTION CHECK] linear_violation=0 bound_violation=0
[DR PROJECTION QP] converged=1 status=0 iterations=12 primal_residual=4.14503e-16 dual_residual=9.26656e-05 x_size=20 x_finite=1
[DR PROJECTION CHECK] linear_violation=0 bound_violation=0
[DR RESTORE] iter=10 collision_shadow=1.42219 deterministic_shadow=0.374803 residual=7.81921
[DR PROJECTION QP] converged=1 status=0 iterations=17 primal_residual=8.88178e-16 dual_residual=3.61663e-10 x_size=20 x_finite=1
[DR PROJECTION CHECK] linear_violation=0 bound_violation=0
[DR PROJECTION QP] converged=1 status=0 iterations=13 primal_residual=4.40012e-16 dual_residual=1.3852e-06 x_size=20 x_finite=1
[DR PROJECTION CHECK] linear_violation=0 bound_violation=0
[DR RESTORE] iter=11 collision_shadow=1.42219 deterministic_shadow=0.374791 residual=7.81921
[DR PROJECTION QP] converged=1 status=0 iterations=17 primal_residual=4.44089e-16 dual_residual=1.04938e-10 x_size=20 x_finite=1
[DR PROJECTION CHECK] linear_violation=0 bound_violation=0
[DR PROJECTION QP] converged=1 status=0 iterations=13 primal_residual=3.33067e-16 dual_residual=1.98548e-06 x_size=20 x_finite=1
[DR PROJECTION CHECK] linear_violation=0 bound_violation=0
[DR RESTORE] iter=12 collision_shadow=1.42219 deterministic_shadow=0.374791 residual=7.81921
[DR PROJECTION QP] converged=1 status=0 iterations=17 primal_residual=8.88178e-16 dual_residual=1.98489e-08 x_size=20 x_finite=1
[DR PROJECTION CHECK] linear_violation=0 bound_violation=0
[DR PROJECTION QP] converged=1 status=0 iterations=13 primal_residual=4.44089e-16 dual_residual=1.9339e-06 x_size=20 x_finite=1
[DR PROJECTION CHECK] linear_violation=0 bound_violation=0
[DR RESTORE] iter=13 collision_shadow=1.42219 deterministic_shadow=0.374791 residual=7.81921
[DR PROJECTION QP] converged=1 status=0 iterations=19 primal_residual=8.88178e-16 dual_residual=1.03215e-09 x_size=20 x_finite=1
[DR PROJECTION CHECK] linear_violation=0 bound_violation=0
[DR PROJECTION QP] converged=1 status=0 iterations=13 primal_residual=3.52903e-16 dual_residual=1.47477e-06 x_size=20 x_finite=1
[DR PROJECTION CHECK] linear_violation=0 bound_violation=0
[DR RESTORE] iter=14 collision_shadow=1.42219 deterministic_shadow=0.374791 residual=7.81921
[DR PROJECTION QP] converged=1 status=0 iterations=19 primal_residual=8.88178e-16 dual_residual=1.62819e-10 x_size=20 x_finite=1
[DR PROJECTION CHECK] linear_violation=0 bound_violation=0
[DR PROJECTION QP] converged=1 status=0 iterations=13 primal_residual=4.20125e-16 dual_residual=3.29107e-06 x_size=20 x_finite=1
[DR PROJECTION CHECK] linear_violation=0 bound_violation=0
[DR RESTORE] iter=15 collision_shadow=1.42219 deterministic_shadow=0.374791 residual=7.81921
[DR PROJECTION QP] converged=1 status=0 iterations=19 primal_residual=3.91475e-16 dual_residual=7.28971e-11 x_size=20 x_finite=1
[DR PROJECTION CHECK] linear_violation=0 bound_violation=0
[DR PROJECTION QP] converged=1 status=0 iterations=13 primal_residual=4.3715e-16 dual_residual=3.18045e-06 x_size=20 x_finite=1
[DR PROJECTION CHECK] linear_violation=0 bound_violation=0
[DR RESTORE] iter=16 collision_shadow=1.42219 deterministic_shadow=0.374791 residual=7.81921
[DR PROJECTION QP] converged=1 status=0 iterations=17 primal_residual=4.17011e-16 dual_residual=1.97865e-05 x_size=20 x_finite=1
[DR PROJECTION CHECK] linear_violation=0 bound_violation=0
[DR PROJECTION QP] converged=1 status=0 iterations=13 primal_residual=4.30522e-16 dual_residual=9.33897e-06 x_size=20 x_finite=1
[DR PROJECTION CHECK] linear_violation=0 bound_violation=0
[DR RESTORE] iter=17 collision_shadow=1.42219 deterministic_shadow=0.374792 residual=7.81921
[DR PROJECTION QP] converged=1 status=0 iterations=19 primal_residual=8.88178e-16 dual_residual=9.95808e-08 x_size=20 x_finite=1
[DR PROJECTION CHECK] linear_violation=0 bound_violation=0
[DR PROJECTION QP] converged=1 status=0 iterations=13 primal_residual=4.44089e-16 dual_residual=4.33007e-05 x_size=20 x_finite=1
[DR PROJECTION CHECK] linear_violation=0 bound_violation=0
[DR RESTORE] iter=18 collision_shadow=1.42219 deterministic_shadow=0.374796 residual=7.81921
[DR PROJECTION QP] converged=1 status=0 iterations=19 primal_residual=8.88178e-16 dual_residual=1.22153e-08 x_size=20 x_finite=1
[DR PROJECTION CHECK] linear_violation=0 bound_violation=0
[DR PROJECTION QP] converged=1 status=0 iterations=17 primal_residual=3.88578e-16 dual_residual=1.659e-05 x_size=20 x_finite=1
[DR PROJECTION CHECK] linear_violation=0 bound_violation=0
[DR RESTORE] iter=19 collision_shadow=1.42219 deterministic_shadow=0.374793 residual=7.81921
[DR PROJECTION QP] converged=1 status=0 iterations=19 primal_residual=4.44089e-16 dual_residual=6.81994e-11 x_size=20 x_finite=1
[DR PROJECTION CHECK] linear_violation=0 bound_violation=0
[DR PROJECTION QP] converged=1 status=0 iterations=16 primal_residual=4.44089e-16 dual_residual=6.00126e-05 x_size=20 x_finite=1
[DR PROJECTION CHECK] linear_violation=0 bound_violation=0
[DR RESTORE] iter=20 collision_shadow=1.42219 deterministic_shadow=0.374798 residual=7.81921
[DR PROJECTION QP] converged=1 status=0 iterations=18 primal_residual=8.88178e-16 dual_residual=1.15908e-06 x_size=20 x_finite=1
[DR PROJECTION CHECK] linear_violation=0 bound_violation=0
[DR PROJECTION QP] converged=1 status=0 iterations=16 primal_residual=4.44089e-16 dual_residual=4.55961e-05 x_size=20 x_finite=1
[DR PROJECTION CHECK] linear_violation=0 bound_violation=0
[DR RESTORE] iter=21 collision_shadow=1.42219 deterministic_shadow=0.374796 residual=7.81921
[DR PROJECTION QP] converged=1 status=0 iterations=20 primal_residual=8.88178e-16 dual_residual=1.40766e-08 x_size=20 x_finite=1
[DR PROJECTION CHECK] linear_violation=0 bound_violation=0
[DR PROJECTION QP] converged=1 status=0 iterations=18 primal_residual=4.35386e-16 dual_residual=3.23173e-05 x_size=20 x_finite=1
[DR PROJECTION CHECK] linear_violation=0 bound_violation=0
[DR RESTORE] iter=22 collision_shadow=1.42219 deterministic_shadow=0.374794 residual=7.81921
[DR PROJECTION QP] converged=1 status=0 iterations=21 primal_residual=4.44089e-16 dual_residual=4.05945e-11 x_size=20 x_finite=1
[DR PROJECTION CHECK] linear_violation=0 bound_violation=0
[DR PROJECTION QP] converged=1 status=0 iterations=18 primal_residual=3.97388e-16 dual_residual=5.41874e-06 x_size=20 x_finite=1
[DR PROJECTION CHECK] linear_violation=0 bound_violation=0
[DR RESTORE] iter=23 collision_shadow=1.42219 deterministic_shadow=0.374791 residual=7.81921
[DR PROJECTION QP] converged=1 status=0 iterations=22 primal_residual=4.44089e-16 dual_residual=6.45833e-11 x_size=20 x_finite=1
[DR PROJECTION CHECK] linear_violation=0 bound_violation=0
[DR PROJECTION QP] converged=1 status=0 iterations=18 primal_residual=4.07004e-16 dual_residual=1.15667e-06 x_size=20 x_finite=1
[DR PROJECTION CHECK] linear_violation=0 bound_violation=0
[DR RESTORE] iter=24 collision_shadow=1.42219 deterministic_shadow=0.374791 residual=7.81921
[DR PROJECTION QP] converged=1 status=0 iterations=22 primal_residual=4.00694e-16 dual_residual=6.07011e-11 x_size=20 x_finite=1
[DR PROJECTION CHECK] linear_violation=0 bound_violation=0
[DR PROJECTION QP] converged=1 status=0 iterations=17 primal_residual=3.59084e-16 dual_residual=7.23422e-05 x_size=20 x_finite=1
[DR PROJECTION CHECK] linear_violation=0 bound_violation=0
[DR RESTORE] iter=25 collision_shadow=1.42219 deterministic_shadow=0.374798 residual=7.81921
[DR PROJECTION QP] converged=1 status=0 iterations=21 primal_residual=3.84492e-16 dual_residual=1.34017e-10 x_size=20 x_finite=1
[DR PROJECTION CHECK] linear_violation=0 bound_violation=0
[DR PROJECTION QP] converged=1 status=0 iterations=17 primal_residual=4.41756e-16 dual_residual=5.74562e-05 x_size=20 x_finite=1
[DR PROJECTION CHECK] linear_violation=0 bound_violation=0
[DR RESTORE] iter=26 collision_shadow=1.42219 deterministic_shadow=0.374797 residual=7.81921
[DR PROJECTION QP] converged=1 status=0 iterations=22 primal_residual=1.99453e-09 dual_residual=2.10772e-05 x_size=20 x_finite=1
[DR PROJECTION CHECK] linear_violation=1.08438e-09 bound_violation=0
[DR PROJECTION QP] converged=1 status=0 iterations=16 primal_residual=4.44089e-16 dual_residual=9.41475e-05 x_size=20 x_finite=1
[DR PROJECTION CHECK] linear_violation=0 bound_violation=0
[DR RESTORE] iter=27 collision_shadow=1.42219 deterministic_shadow=0.374798 residual=7.81921
[DR PROJECTION QP] converged=1 status=0 iterations=27 primal_residual=8.88178e-16 dual_residual=1.02585e-10 x_size=20 x_finite=1
[DR PROJECTION CHECK] linear_violation=0 bound_violation=0
[DR PROJECTION QP] converged=1 status=0 iterations=17 primal_residual=4.24942e-16 dual_residual=9.65744e-07 x_size=20 x_finite=1
[DR PROJECTION CHECK] linear_violation=0 bound_violation=0
[DR RESTORE] iter=28 collision_shadow=1.42219 deterministic_shadow=0.37479 residual=7.81921
[DR PROJECTION QP] converged=1 status=0 iterations=22 primal_residual=3.78603e-16 dual_residual=2.04706e-05 x_size=20 x_finite=1
[DR PROJECTION CHECK] linear_violation=0 bound_violation=0
[DR PROJECTION QP] converged=1 status=0 iterations=17 primal_residual=4.44089e-16 dual_residual=4.72251e-06 x_size=20 x_finite=1
[DR PROJECTION CHECK] linear_violation=0 bound_violation=0
[DR RESTORE] iter=29 collision_shadow=1.42219 deterministic_shadow=0.37479 residual=7.81921
[DR PROJECTION QP] converged=1 status=0 iterations=25 primal_residual=8.88178e-16 dual_residual=1.27167e-06 x_size=20 x_finite=1
[DR PROJECTION CHECK] linear_violation=0 bound_violation=0
[DR PROJECTION QP] converged=1 status=0 iterations=17 primal_residual=4.44089e-16 dual_residual=7.88922e-06 x_size=20 x_finite=1
[DR PROJECTION CHECK] linear_violation=0 bound_violation=0
[DR RESTORE] iter=30 collision_shadow=1.42219 deterministic_shadow=0.374791 residual=7.81921
[DR PROJECTION QP] converged=1 status=0 iterations=25 primal_residual=1.27121e-13 dual_residual=5.82385e-10 x_size=20 x_finite=1
[DR PROJECTION CHECK] linear_violation=7.54397e-14 bound_violation=0
[DR PROJECTION QP] converged=1 status=0 iterations=17 primal_residual=4.42551e-16 dual_residual=9.74829e-06 x_size=20 x_finite=1
[DR PROJECTION CHECK] linear_violation=0 bound_violation=0
[DR RESTORE] iter=31 collision_shadow=1.42219 deterministic_shadow=0.374791 residual=7.81921
[DR PROJECTION QP] converged=1 status=0 iterations=26 primal_residual=1.96732e-13 dual_residual=4.85236e-11 x_size=20 x_finite=1
[DR PROJECTION CHECK] linear_violation=1.18572e-13 bound_violation=0
[DR PROJECTION QP] converged=1 status=0 iterations=17 primal_residual=4.44089e-16 dual_residual=2.51795e-06 x_size=20 x_finite=1
[DR PROJECTION CHECK] linear_violation=0 bound_violation=0
[DR RESTORE] iter=32 collision_shadow=1.42219 deterministic_shadow=0.37479 residual=7.81921
[DR PROJECTION QP] converged=1 status=0 iterations=25 primal_residual=1.10123e-12 dual_residual=4.81849e-10 x_size=20 x_finite=1
[DR PROJECTION CHECK] linear_violation=6.2067e-13 bound_violation=0
[DR PROJECTION QP] converged=1 status=0 iterations=17 primal_residual=4.44089e-16 dual_residual=2.17585e-06 x_size=20 x_finite=1
[DR PROJECTION CHECK] linear_violation=0 bound_violation=0
[DR RESTORE] iter=33 collision_shadow=1.42219 deterministic_shadow=0.37479 residual=7.81921
[DR PROJECTION QP] converged=1 status=0 iterations=24 primal_residual=7.18314e-14 dual_residual=2.27694e-11 x_size=20 x_finite=1
[DR PROJECTION CHECK] linear_violation=4.29656e-14 bound_violation=0
[DR PROJECTION QP] converged=1 status=0 iterations=17 primal_residual=4.44089e-16 dual_residual=1.67699e-06 x_size=20 x_finite=1
[DR PROJECTION CHECK] linear_violation=0 bound_violation=0
[DR RESTORE] iter=34 collision_shadow=1.42219 deterministic_shadow=0.37479 residual=7.81921
[DR PROJECTION QP] converged=1 status=0 iterations=22 primal_residual=4.64073e-14 dual_residual=1.2538e-11 x_size=20 x_finite=1
[DR PROJECTION CHECK] linear_violation=2.77556e-14 bound_violation=0
[DR PROJECTION QP] converged=1 status=0 iterations=17 primal_residual=3.92961e-16 dual_residual=2.28425e-06 x_size=20 x_finite=1
[DR PROJECTION CHECK] linear_violation=0 bound_violation=0
[DR RESTORE] iter=35 collision_shadow=1.42219 deterministic_shadow=0.37479 residual=7.81921
[DR PROJECTION QP] converged=1 status=0 iterations=31 primal_residual=4.43439e-16 dual_residual=2.08845e-07 x_size=20 x_finite=1
[DR PROJECTION CHECK] linear_violation=0 bound_violation=0
[DR PROJECTION QP] converged=1 status=0 iterations=17 primal_residual=4.44089e-16 dual_residual=3.93918e-06 x_size=20 x_finite=1
[DR PROJECTION CHECK] linear_violation=0 bound_violation=0
[DR RESTORE] iter=36 collision_shadow=1.42219 deterministic_shadow=0.37479 residual=7.81921
[DR PROJECTION QP] converged=1 status=0 iterations=30 primal_residual=5.65266e-11 dual_residual=4.79638e-08 x_size=20 x_finite=1
[DR PROJECTION CHECK] linear_violation=3.40122e-11 bound_violation=0
[DR PROJECTION QP] converged=1 status=0 iterations=18 primal_residual=3.91054e-16 dual_residual=1.42912e-05 x_size=20 x_finite=1
[DR PROJECTION CHECK] linear_violation=0 bound_violation=0
[DR RESTORE] iter=37 collision_shadow=1.42219 deterministic_shadow=0.374791 residual=7.81921
[DR PROJECTION QP] converged=1 status=0 iterations=25 primal_residual=2.28928e-13 dual_residual=1.00992e-10 x_size=20 x_finite=1
[DR PROJECTION CHECK] linear_violation=1.38278e-13 bound_violation=0
[DR PROJECTION QP] converged=1 status=0 iterations=18 primal_residual=4.24606e-16 dual_residual=1.70914e-06 x_size=20 x_finite=1
[DR PROJECTION CHECK] linear_violation=0 bound_violation=0
[DR RESTORE] iter=38 collision_shadow=1.42219 deterministic_shadow=0.37479 residual=7.81921
[DR PROJECTION QP] converged=1 status=0 iterations=30 primal_residual=1.25233e-13 dual_residual=4.89656e-11 x_size=20 x_finite=1
[DR PROJECTION CHECK] linear_violation=7.54952e-14 bound_violation=0
[DR PROJECTION QP] converged=1 status=0 iterations=18 primal_residual=4.44089e-16 dual_residual=7.77524e-05 x_size=20 x_finite=1
[DR PROJECTION CHECK] linear_violation=0 bound_violation=0
[DR RESTORE] iter=39 collision_shadow=1.42219 deterministic_shadow=0.374797 residual=7.81921
[DR PROJECTION QP] converged=1 status=0 iterations=31 primal_residual=6.21725e-14 dual_residual=3.01541e-11 x_size=20 x_finite=1
[DR PROJECTION CHECK] linear_violation=3.76921e-14 bound_violation=0
[DR PROJECTION QP] converged=1 status=0 iterations=18 primal_residual=4.44089e-16 dual_residual=8.59977e-07 x_size=20 x_finite=1
[DR PROJECTION CHECK] linear_violation=0 bound_violation=0
[DR RESTORE] iter=40 collision_shadow=1.42219 deterministic_shadow=0.37479 residual=7.81921
[DR PROJECTION QP] converged=1 status=0 iterations=29 primal_residual=4.44089e-16 dual_residual=2.37652e-08 x_size=20 x_finite=1
[DR PROJECTION CHECK] linear_violation=0 bound_violation=0
[DR PROJECTION QP] converged=1 status=0 iterations=18 primal_residual=3.77986e-16 dual_residual=2.11996e-06 x_size=20 x_finite=1
[DR PROJECTION CHECK] linear_violation=0 bound_violation=0
[DR RESTORE] iter=41 collision_shadow=1.42219 deterministic_shadow=0.37479 residual=7.81921
[DR PROJECTION QP] converged=1 status=0 iterations=30 primal_residual=4.44089e-16 dual_residual=2.02632e-11 x_size=20 x_finite=1
[DR PROJECTION CHECK] linear_violation=0 bound_violation=0
[DR PROJECTION QP] converged=1 status=0 iterations=18 primal_residual=4.44089e-16 dual_residual=6.99242e-06 x_size=20 x_finite=1
[DR PROJECTION CHECK] linear_violation=0 bound_violation=0
[DR RESTORE] iter=42 collision_shadow=1.42219 deterministic_shadow=0.374791 residual=7.81921
[DR PROJECTION QP] converged=1 status=0 iterations=32 primal_residual=4.44089e-16 dual_residual=4.66561e-08 x_size=20 x_finite=1
[DR PROJECTION CHECK] linear_violation=0 bound_violation=0
[DR PROJECTION QP] converged=1 status=0 iterations=18 primal_residual=3.33067e-16 dual_residual=1.25875e-05 x_size=20 x_finite=1
[DR PROJECTION CHECK] linear_violation=0 bound_violation=0
[DR RESTORE] iter=43 collision_shadow=1.42219 deterministic_shadow=0.374791 residual=7.81921
[DR PROJECTION QP] converged=1 status=0 iterations=34 primal_residual=7.4829e-13 dual_residual=6.29797e-10 x_size=20 x_finite=1
[DR PROJECTION CHECK] linear_violation=4.52027e-13 bound_violation=0
[DR PROJECTION QP] converged=1 status=0 iterations=18 primal_residual=4.25625e-16 dual_residual=1.75689e-05 x_size=20 x_finite=1
[DR PROJECTION CHECK] linear_violation=0 bound_violation=0
[DR RESTORE] iter=44 collision_shadow=1.42219 deterministic_shadow=0.374791 residual=7.81921
[DR PROJECTION QP] converged=1 status=0 iterations=30 primal_residual=1.39849e-07 dual_residual=4.95296e-05 x_size=20 x_finite=1
[DR PROJECTION CHECK] linear_violation=8.42888e-08 bound_violation=0
[DR PROJECTION QP] converged=1 status=0 iterations=18 primal_residual=4.28912e-16 dual_residual=2.17457e-05 x_size=20 x_finite=1
[DR PROJECTION CHECK] linear_violation=0 bound_violation=0
[DR RESTORE] iter=45 collision_shadow=1.42219 deterministic_shadow=0.374791 residual=7.81921
[DR PROJECTION QP] converged=1 status=0 iterations=34 primal_residual=4.44089e-16 dual_residual=8.19193e-08 x_size=20 x_finite=1
[DR PROJECTION CHECK] linear_violation=0 bound_violation=0
[DR PROJECTION QP] converged=1 status=0 iterations=18 primal_residual=3.99727e-16 dual_residual=2.51446e-05 x_size=20 x_finite=1
[DR PROJECTION CHECK] linear_violation=0 bound_violation=0
[DR RESTORE] iter=46 collision_shadow=1.42219 deterministic_shadow=0.374792 residual=7.81921
[DR PROJECTION QP] converged=1 status=0 iterations=34 primal_residual=3.11166e-16 dual_residual=1.08681e-09 x_size=20 x_finite=1
[DR PROJECTION CHECK] linear_violation=0 bound_violation=0
[DR PROJECTION QP] converged=1 status=0 iterations=18 primal_residual=4.44089e-16 dual_residual=2.75985e-05 x_size=20 x_finite=1
[DR PROJECTION CHECK] linear_violation=0 bound_violation=0
[DR RESTORE] iter=47 collision_shadow=1.42219 deterministic_shadow=0.374792 residual=7.81921
[DR PROJECTION QP] converged=1 status=0 iterations=33 primal_residual=4.44089e-16 dual_residual=4.44012e-06 x_size=20 x_finite=1
[DR PROJECTION CHECK] linear_violation=0 bound_violation=0
[DR PROJECTION QP] converged=1 status=0 iterations=18 primal_residual=4.44089e-16 dual_residual=2.88197e-05 x_size=20 x_finite=1
[DR PROJECTION CHECK] linear_violation=0 bound_violation=0
[DR RESTORE] iter=48 collision_shadow=1.42219 deterministic_shadow=0.374791 residual=7.81921
[DR PROJECTION QP] converged=1 status=0 iterations=34 primal_residual=4.44089e-16 dual_residual=6.68605e-05 x_size=20 x_finite=1
[DR PROJECTION CHECK] linear_violation=0 bound_violation=0
[DR PROJECTION QP] converged=1 status=0 iterations=18 primal_residual=4.44089e-16 dual_residual=2.89308e-05 x_size=20 x_finite=1
[DR PROJECTION CHECK] linear_violation=0 bound_violation=0
[DR RESTORE] iter=49 collision_shadow=1.42219 deterministic_shadow=0.374784 residual=7.81921
[DR RESTORE] max_iterations_reached=1
[DR RESTORE OUTER] iter=0 linearized_restore_failed=1
[HOMOTOPY RESULT] side=left restored=0
[HOMOTOPY TRY] side=right first_conflict=5 last_conflict=10
[HOMOTOPY SEED] side=right k=1 backup_lat=0 target_lat=-1.1 desired_lat=-0.1144
[HOMOTOPY SEED] side=right k=2 backup_lat=0 target_lat=-1.1 desired_lat=-0.3872
[HOMOTOPY SEED] side=right k=3 backup_lat=0 target_lat=-1.1 desired_lat=-0.7128
[HOMOTOPY SEED] side=right k=4 backup_lat=0 target_lat=-1.1 desired_lat=-0.9856
[HOMOTOPY SEED] side=right k=5 backup_lat=0 target_lat=-1.1 desired_lat=-1.1
[HOMOTOPY SEED] side=right k=6 backup_lat=0 target_lat=-1.1 desired_lat=-1.1
[HOMOTOPY SEED] side=right k=7 backup_lat=0 target_lat=-1.1 desired_lat=-1.1
[HOMOTOPY SEED] side=right k=8 backup_lat=0 target_lat=-1.1 desired_lat=-1.1
[HOMOTOPY SEED] side=right k=9 backup_lat=0 target_lat=-1.1 desired_lat=-1.1
[HOMOTOPY SEED] side=right k=10 backup_lat=0 target_lat=-1.1 desired_lat=-1.1
[SH ANCHOR REPAIR] sweep=0 min_clearance=0.0540386 repaired=0
[SH ANCHOR] min_clearance=0.0540386 feasible=1
[FREE POLY] k=1 disc=0 raw=8 facets=1 vertices=4 rho=0.914401 anchor_shift=0.1144
[FREE POLY] k=2 disc=0 raw=8 facets=1 vertices=4 rho=1.9872 anchor_shift=0.3872
[FREE POLY] k=3 disc=0 raw=8 facets=1 vertices=4 rho=3.1128 anchor_shift=0.7128
[FREE POLY] k=4 disc=0 raw=8 facets=1 vertices=5 rho=4.1856 anchor_shift=0.9856
[FREE POLY] k=5 disc=0 raw=8 facets=1 vertices=4 rho=5.1 anchor_shift=1.1
[FREE POLY] k=6 disc=0 raw=8 facets=1 vertices=4 rho=5.9 anchor_shift=1.1
[FREE POLY] k=7 disc=0 raw=8 facets=1 vertices=4 rho=6.7 anchor_shift=1.1
[FREE POLY] k=8 disc=0 raw=8 facets=1 vertices=4 rho=7.5 anchor_shift=1.1
[FREE POLY] k=9 disc=0 raw=8 facets=1 vertices=4 rho=8.3 anchor_shift=1.1
[FREE POLY] k=10 disc=0 raw=8 facets=1 vertices=4 rho=9.1 anchor_shift=1.1
[HOMOTOPY DR START] side=right constraints=10
[DR RESTORE OUTER] iter=0 collision_violation=0.527497 violated_rows=9 deterministic_ok=1
[DR PROJECTION QP] converged=1 status=0 iterations=8 primal_residual=1.26703e-10 dual_residual=2.66611e-05 x_size=20 x_finite=1
[DR PROJECTION CHECK] linear_violation=6.69759e-12 bound_violation=0
[DR PROJECTION QP] converged=1 status=0 iterations=6 primal_residual=4.37574e-16 dual_residual=1.78863e-05 x_size=20 x_finite=1
[DR PROJECTION CHECK] linear_violation=0 bound_violation=0
[DR RESTORE] iter=0 collision_shadow=1.40974 deterministic_shadow=0.380607 residual=7.85671
[DR PROJECTION QP] converged=1 status=0 iterations=8 primal_residual=4.44089e-16 dual_residual=1.04232e-05 x_size=20 x_finite=1
[DR PROJECTION CHECK] linear_violation=0 bound_violation=0
[DR PROJECTION QP] converged=1 status=0 iterations=7 primal_residual=4.43908e-16 dual_residual=2.10072e-05 x_size=20 x_finite=1
[DR PROJECTION CHECK] linear_violation=0 bound_violation=0
[DR RESTORE] iter=1 collision_shadow=1.4231 deterministic_shadow=0.374802 residual=7.82323
[DR PROJECTION QP] converged=1 status=0 iterations=7 primal_residual=4.44089e-16 dual_residual=4.95189e-06 x_size=20 x_finite=1
[DR PROJECTION CHECK] linear_violation=0 bound_violation=0
[DR PROJECTION QP] converged=1 status=0 iterations=7 primal_residual=4.02346e-16 dual_residual=2.01432e-05 x_size=20 x_finite=1
[DR PROJECTION CHECK] linear_violation=0 bound_violation=0
[DR RESTORE] iter=2 collision_shadow=1.42219 deterministic_shadow=0.374799 residual=7.81921
[DR PROJECTION QP] converged=1 status=0 iterations=13 primal_residual=8.88178e-16 dual_residual=2.30728e-07 x_size=20 x_finite=1
[DR PROJECTION CHECK] linear_violation=0 bound_violation=0
[DR PROJECTION QP] converged=1 status=0 iterations=9 primal_residual=3.33067e-16 dual_residual=8.32442e-05 x_size=20 x_finite=1
[DR PROJECTION CHECK] linear_violation=0 bound_violation=0
[DR RESTORE] iter=3 collision_shadow=1.42219 deterministic_shadow=0.374813 residual=7.81921
[DR PROJECTION QP] converged=1 status=0 iterations=14 primal_residual=4.44089e-16 dual_residual=7.45707e-11 x_size=20 x_finite=1
[DR PROJECTION CHECK] linear_violation=5.55112e-17 bound_violation=0
[DR PROJECTION QP] converged=1 status=0 iterations=9 primal_residual=4.16059e-16 dual_residual=6.44884e-05 x_size=20 x_finite=1
[DR PROJECTION CHECK] linear_violation=0 bound_violation=0
[DR RESTORE] iter=4 collision_shadow=1.42219 deterministic_shadow=0.374805 residual=7.81921
[DR PROJECTION QP] converged=1 status=0 iterations=14 primal_residual=8.88178e-16 dual_residual=4.91331e-05 x_size=20 x_finite=1
[DR PROJECTION CHECK] linear_violation=0 bound_violation=0
[DR PROJECTION QP] converged=1 status=0 iterations=11 primal_residual=4.02388e-16 dual_residual=5.83426e-06 x_size=20 x_finite=1
[DR PROJECTION CHECK] linear_violation=0 bound_violation=0
[DR RESTORE] iter=5 collision_shadow=1.42219 deterministic_shadow=0.374792 residual=7.81921
[DR PROJECTION QP] converged=1 status=0 iterations=16 primal_residual=4.44089e-16 dual_residual=3.39852e-10 x_size=20 x_finite=1
[DR PROJECTION CHECK] linear_violation=0 bound_violation=0
[DR PROJECTION QP] converged=1 status=0 iterations=12 primal_residual=4.42913e-16 dual_residual=5.47477e-06 x_size=20 x_finite=1
[DR PROJECTION CHECK] linear_violation=0 bound_violation=0
[DR RESTORE] iter=6 collision_shadow=1.42219 deterministic_shadow=0.374792 residual=7.81921
[DR PROJECTION QP] converged=1 status=0 iterations=16 primal_residual=8.88178e-16 dual_residual=2.28738e-06 x_size=20 x_finite=1
[DR PROJECTION CHECK] linear_violation=0 bound_violation=0
[DR PROJECTION QP] converged=1 status=0 iterations=12 primal_residual=3.658e-16 dual_residual=3.05106e-05 x_size=20 x_finite=1
[DR PROJECTION CHECK] linear_violation=0 bound_violation=0
[DR RESTORE] iter=7 collision_shadow=1.42219 deterministic_shadow=0.374797 residual=7.81921
[DR PROJECTION QP] converged=1 status=0 iterations=15 primal_residual=1.81462e-09 dual_residual=7.17595e-06 x_size=20 x_finite=1
[DR PROJECTION CHECK] linear_violation=1.08667e-09 bound_violation=0
[DR PROJECTION QP] converged=1 status=0 iterations=12 primal_residual=3.98841e-16 dual_residual=5.71295e-05 x_size=20 x_finite=1
[DR PROJECTION CHECK] linear_violation=0 bound_violation=0
[DR RESTORE] iter=8 collision_shadow=1.42219 deterministic_shadow=0.374801 residual=7.81921
[DR PROJECTION QP] converged=1 status=0 iterations=15 primal_residual=3.77628e-16 dual_residual=1.04584e-05 x_size=20 x_finite=1
[DR PROJECTION CHECK] linear_violation=0 bound_violation=0
[DR PROJECTION QP] converged=1 status=0 iterations=12 primal_residual=4.44089e-16 dual_residual=7.84216e-05 x_size=20 x_finite=1
[DR PROJECTION CHECK] linear_violation=0 bound_violation=0
[DR RESTORE] iter=9 collision_shadow=1.42219 deterministic_shadow=0.374803 residual=7.81921
[DR PROJECTION QP] converged=1 status=0 iterations=16 primal_residual=4.44089e-16 dual_residual=6.64499e-11 x_size=20 x_finite=1
[DR PROJECTION CHECK] linear_violation=0 bound_violation=0
[DR PROJECTION QP] converged=1 status=0 iterations=12 primal_residual=4.44089e-16 dual_residual=9.26656e-05 x_size=20 x_finite=1
[DR PROJECTION CHECK] linear_violation=0 bound_violation=0
[DR RESTORE] iter=10 collision_shadow=1.42219 deterministic_shadow=0.374803 residual=7.81921
[DR PROJECTION QP] converged=1 status=0 iterations=17 primal_residual=4.24432e-16 dual_residual=3.61663e-10 x_size=20 x_finite=1
[DR PROJECTION CHECK] linear_violation=0 bound_violation=0
[DR PROJECTION QP] converged=1 status=0 iterations=13 primal_residual=4.21649e-16 dual_residual=1.3852e-06 x_size=20 x_finite=1
[DR PROJECTION CHECK] linear_violation=0 bound_violation=0
[DR RESTORE] iter=11 collision_shadow=1.42219 deterministic_shadow=0.374791 residual=7.81921
[DR PROJECTION QP] converged=1 status=0 iterations=17 primal_residual=4.44089e-16 dual_residual=1.04938e-10 x_size=20 x_finite=1
[DR PROJECTION CHECK] linear_violation=0 bound_violation=0
[DR PROJECTION QP] converged=1 status=0 iterations=13 primal_residual=4.44089e-16 dual_residual=1.98548e-06 x_size=20 x_finite=1
[DR PROJECTION CHECK] linear_violation=0 bound_violation=0
[DR RESTORE] iter=12 collision_shadow=1.42219 deterministic_shadow=0.374791 residual=7.81921
[DR PROJECTION QP] converged=1 status=0 iterations=17 primal_residual=4.44089e-16 dual_residual=1.98489e-08 x_size=20 x_finite=1
[DR PROJECTION CHECK] linear_violation=0 bound_violation=0
[DR PROJECTION QP] converged=1 status=0 iterations=13 primal_residual=4.1681e-16 dual_residual=1.9339e-06 x_size=20 x_finite=1
[DR PROJECTION CHECK] linear_violation=0 bound_violation=0
[DR RESTORE] iter=13 collision_shadow=1.42219 deterministic_shadow=0.374791 residual=7.81921
[DR PROJECTION QP] converged=1 status=0 iterations=19 primal_residual=4.44089e-16 dual_residual=1.03215e-09 x_size=20 x_finite=1
[DR PROJECTION CHECK] linear_violation=0 bound_violation=0
[DR PROJECTION QP] converged=1 status=0 iterations=13 primal_residual=4.02923e-16 dual_residual=1.47477e-06 x_size=20 x_finite=1
[DR PROJECTION CHECK] linear_violation=0 bound_violation=0
[DR RESTORE] iter=14 collision_shadow=1.42219 deterministic_shadow=0.374791 residual=7.81921
[DR PROJECTION QP] converged=1 status=0 iterations=19 primal_residual=4.44089e-16 dual_residual=1.02463e-10 x_size=20 x_finite=1
[DR PROJECTION CHECK] linear_violation=0 bound_violation=0
[DR PROJECTION QP] converged=1 status=0 iterations=13 primal_residual=4.44089e-16 dual_residual=3.29106e-06 x_size=20 x_finite=1
[DR PROJECTION CHECK] linear_violation=0 bound_violation=0
[DR RESTORE] iter=15 collision_shadow=1.42219 deterministic_shadow=0.374791 residual=7.81921
[DR PROJECTION QP] converged=1 status=0 iterations=19 primal_residual=4.44089e-16 dual_residual=5.51563e-11 x_size=20 x_finite=1
[DR PROJECTION CHECK] linear_violation=0 bound_violation=0
[DR PROJECTION QP] converged=1 status=0 iterations=13 primal_residual=3.78656e-16 dual_residual=3.18044e-06 x_size=20 x_finite=1
[DR PROJECTION CHECK] linear_violation=0 bound_violation=0
[DR RESTORE] iter=16 collision_shadow=1.42219 deterministic_shadow=0.374791 residual=7.81921
[DR PROJECTION QP] converged=1 status=0 iterations=17 primal_residual=3.71448e-16 dual_residual=1.97865e-05 x_size=20 x_finite=1
[DR PROJECTION CHECK] linear_violation=0 bound_violation=0
[DR PROJECTION QP] converged=1 status=0 iterations=13 primal_residual=4.44089e-16 dual_residual=9.33895e-06 x_size=20 x_finite=1
[DR PROJECTION CHECK] linear_violation=0 bound_violation=0
[DR RESTORE] iter=17 collision_shadow=1.42219 deterministic_shadow=0.374792 residual=7.81921
[DR PROJECTION QP] converged=1 status=0 iterations=19 primal_residual=8.88178e-16 dual_residual=9.95808e-08 x_size=20 x_finite=1
[DR PROJECTION CHECK] linear_violation=0 bound_violation=0
[DR PROJECTION QP] converged=1 status=0 iterations=13 primal_residual=3.83894e-16 dual_residual=4.33007e-05 x_size=20 x_finite=1
[DR PROJECTION CHECK] linear_violation=0 bound_violation=0
[DR RESTORE] iter=18 collision_shadow=1.42219 deterministic_shadow=0.374796 residual=7.81921
[DR PROJECTION QP] converged=1 status=0 iterations=19 primal_residual=4.44089e-16 dual_residual=1.22153e-08 x_size=20 x_finite=1
[DR PROJECTION CHECK] linear_violation=0 bound_violation=0
[DR PROJECTION QP] converged=1 status=0 iterations=17 primal_residual=3.5653e-16 dual_residual=1.659e-05 x_size=20 x_finite=1
[DR PROJECTION CHECK] linear_violation=0 bound_violation=0
[DR RESTORE] iter=19 collision_shadow=1.42219 deterministic_shadow=0.374793 residual=7.81921
[DR PROJECTION QP] converged=1 status=0 iterations=19 primal_residual=4.44089e-16 dual_residual=1.53887e-10 x_size=20 x_finite=1
[DR PROJECTION CHECK] linear_violation=0 bound_violation=0
[DR PROJECTION QP] converged=1 status=0 iterations=16 primal_residual=4.44089e-16 dual_residual=6.00126e-05 x_size=20 x_finite=1
[DR PROJECTION CHECK] linear_violation=0 bound_violation=0
[DR RESTORE] iter=20 collision_shadow=1.42219 deterministic_shadow=0.374798 residual=7.81921
[DR PROJECTION QP] converged=1 status=0 iterations=18 primal_residual=8.88178e-16 dual_residual=1.15908e-06 x_size=20 x_finite=1
[DR PROJECTION CHECK] linear_violation=0 bound_violation=0
[DR PROJECTION QP] converged=1 status=0 iterations=16 primal_residual=4.04666e-16 dual_residual=4.55961e-05 x_size=20 x_finite=1
[DR PROJECTION CHECK] linear_violation=0 bound_violation=0
[DR RESTORE] iter=21 collision_shadow=1.42219 deterministic_shadow=0.374796 residual=7.81921
[DR PROJECTION QP] converged=1 status=0 iterations=20 primal_residual=4.44089e-16 dual_residual=1.40766e-08 x_size=20 x_finite=1
[DR PROJECTION CHECK] linear_violation=0 bound_violation=0
[DR PROJECTION QP] converged=1 status=0 iterations=18 primal_residual=3.43641e-16 dual_residual=3.23173e-05 x_size=20 x_finite=1
[DR PROJECTION CHECK] linear_violation=0 bound_violation=0
[DR RESTORE] iter=22 collision_shadow=1.42219 deterministic_shadow=0.374794 residual=7.81921
[DR PROJECTION QP] converged=1 status=0 iterations=21 primal_residual=3.80711e-16 dual_residual=8.59105e-11 x_size=20 x_finite=1
[DR PROJECTION CHECK] linear_violation=0 bound_violation=0
[DR PROJECTION QP] converged=1 status=0 iterations=18 primal_residual=3.59908e-16 dual_residual=5.41877e-06 x_size=20 x_finite=1
[DR PROJECTION CHECK] linear_violation=0 bound_violation=0
[DR RESTORE] iter=23 collision_shadow=1.42219 deterministic_shadow=0.374791 residual=7.81921
[DR PROJECTION QP] converged=1 status=0 iterations=22 primal_residual=2.60659e-16 dual_residual=3.99729e-11 x_size=20 x_finite=1
[DR PROJECTION CHECK] linear_violation=0 bound_violation=0
[DR PROJECTION QP] converged=1 status=0 iterations=18 primal_residual=4.43852e-16 dual_residual=1.15667e-06 x_size=20 x_finite=1
[DR PROJECTION CHECK] linear_violation=0 bound_violation=0
[DR RESTORE] iter=24 collision_shadow=1.42219 deterministic_shadow=0.374791 residual=7.81921
[DR PROJECTION QP] converged=1 status=0 iterations=22 primal_residual=4.44089e-16 dual_residual=5.62049e-11 x_size=20 x_finite=1
[DR PROJECTION CHECK] linear_violation=0 bound_violation=0
[DR PROJECTION QP] converged=1 status=0 iterations=17 primal_residual=3.88578e-16 dual_residual=7.23421e-05 x_size=20 x_finite=1
[DR PROJECTION CHECK] linear_violation=0 bound_violation=0
[DR RESTORE] iter=25 collision_shadow=1.42219 deterministic_shadow=0.374798 residual=7.81921
[DR PROJECTION QP] converged=1 status=0 iterations=21 primal_residual=3.2727e-16 dual_residual=7.46387e-11 x_size=20 x_finite=1
[DR PROJECTION CHECK] linear_violation=0 bound_violation=0
[DR PROJECTION QP] converged=1 status=0 iterations=17 primal_residual=3.22856e-16 dual_residual=5.74562e-05 x_size=20 x_finite=1
[DR PROJECTION CHECK] linear_violation=0 bound_violation=0
[DR RESTORE] iter=26 collision_shadow=1.42219 deterministic_shadow=0.374797 residual=7.81921
[DR PROJECTION QP] converged=1 status=0 iterations=22 primal_residual=1.99453e-09 dual_residual=2.10772e-05 x_size=20 x_finite=1
[DR PROJECTION CHECK] linear_violation=1.08438e-09 bound_violation=0
[DR PROJECTION QP] converged=1 status=0 iterations=16 primal_residual=4.34984e-16 dual_residual=9.41475e-05 x_size=20 x_finite=1
[DR PROJECTION CHECK] linear_violation=0 bound_violation=0
[DR RESTORE] iter=27 collision_shadow=1.42219 deterministic_shadow=0.374798 residual=7.81921
[DR PROJECTION QP] converged=1 status=0 iterations=27 primal_residual=8.88178e-16 dual_residual=1.02585e-10 x_size=20 x_finite=1
[DR PROJECTION CHECK] linear_violation=0 bound_violation=0
[DR PROJECTION QP] converged=1 status=0 iterations=17 primal_residual=4.44089e-16 dual_residual=9.65757e-07 x_size=20 x_finite=1
[DR PROJECTION CHECK] linear_violation=0 bound_violation=0
[DR RESTORE] iter=28 collision_shadow=1.42219 deterministic_shadow=0.37479 residual=7.81921
[DR PROJECTION QP] converged=1 status=0 iterations=22 primal_residual=4.44089e-16 dual_residual=2.04706e-05 x_size=20 x_finite=1
[DR PROJECTION CHECK] linear_violation=0 bound_violation=0
[DR PROJECTION QP] converged=1 status=0 iterations=17 primal_residual=4.20574e-16 dual_residual=4.72256e-06 x_size=20 x_finite=1
[DR PROJECTION CHECK] linear_violation=0 bound_violation=0
[DR RESTORE] iter=29 collision_shadow=1.42219 deterministic_shadow=0.37479 residual=7.81921
[DR PROJECTION QP] converged=1 status=0 iterations=25 primal_residual=8.88178e-16 dual_residual=1.27167e-06 x_size=20 x_finite=1
[DR PROJECTION CHECK] linear_violation=0 bound_violation=0
[DR PROJECTION QP] converged=1 status=0 iterations=17 primal_residual=3.79164e-16 dual_residual=7.88924e-06 x_size=20 x_finite=1
[DR PROJECTION CHECK] linear_violation=0 bound_violation=0
[DR RESTORE] iter=30 collision_shadow=1.42219 deterministic_shadow=0.374791 residual=7.81921
[DR PROJECTION QP] converged=1 status=0 iterations=25 primal_residual=1.27232e-13 dual_residual=5.82386e-10 x_size=20 x_finite=1
[DR PROJECTION CHECK] linear_violation=7.54397e-14 bound_violation=0
[DR PROJECTION QP] converged=1 status=0 iterations=17 primal_residual=3.33067e-16 dual_residual=9.7484e-06 x_size=20 x_finite=1
[DR PROJECTION CHECK] linear_violation=0 bound_violation=0
[DR RESTORE] iter=31 collision_shadow=1.42219 deterministic_shadow=0.374791 residual=7.81921
[DR PROJECTION QP] converged=1 status=0 iterations=26 primal_residual=1.96843e-13 dual_residual=5.80068e-11 x_size=20 x_finite=1
[DR PROJECTION CHECK] linear_violation=1.18516e-13 bound_violation=0
[DR PROJECTION QP] converged=1 status=0 iterations=17 primal_residual=4.27487e-16 dual_residual=2.518e-06 x_size=20 x_finite=1
[DR PROJECTION CHECK] linear_violation=0 bound_violation=0
[DR RESTORE] iter=32 collision_shadow=1.42219 deterministic_shadow=0.37479 residual=7.81921
[DR PROJECTION QP] converged=1 status=0 iterations=25 primal_residual=1.10134e-12 dual_residual=4.81849e-10 x_size=20 x_finite=1
[DR PROJECTION CHECK] linear_violation=6.2067e-13 bound_violation=0
[DR PROJECTION QP] converged=1 status=0 iterations=17 primal_residual=3.88578e-16 dual_residual=2.17582e-06 x_size=20 x_finite=1
[DR PROJECTION CHECK] linear_violation=0 bound_violation=0
[DR RESTORE] iter=33 collision_shadow=1.42219 deterministic_shadow=0.37479 residual=7.81921
[DR PROJECTION QP] converged=1 status=0 iterations=24 primal_residual=7.18314e-14 dual_residual=3.0814e-11 x_size=20 x_finite=1
[DR PROJECTION CHECK] linear_violation=4.29656e-14 bound_violation=0
[DR PROJECTION QP] converged=1 status=0 iterations=17 primal_residual=4.03426e-16 dual_residual=1.67696e-06 x_size=20 x_finite=1
[DR PROJECTION CHECK] linear_violation=0 bound_violation=0
[DR RESTORE] iter=34 collision_shadow=1.42219 deterministic_shadow=0.37479 residual=7.81921
[DR PROJECTION QP] converged=1 status=0 iterations=22 primal_residual=4.61853e-14 dual_residual=1.37455e-11 x_size=20 x_finite=1
[DR PROJECTION CHECK] linear_violation=2.78111e-14 bound_violation=0
[DR PROJECTION QP] converged=1 status=0 iterations=17 primal_residual=4.10894e-16 dual_residual=2.28425e-06 x_size=20 x_finite=1
[DR PROJECTION CHECK] linear_violation=0 bound_violation=0
[DR RESTORE] iter=35 collision_shadow=1.42219 deterministic_shadow=0.37479 residual=7.81921
[DR PROJECTION QP] converged=1 status=0 iterations=31 primal_residual=4.44089e-16 dual_residual=2.08845e-07 x_size=20 x_finite=1
[DR PROJECTION CHECK] linear_violation=0 bound_violation=0
[DR PROJECTION QP] converged=1 status=0 iterations=17 primal_residual=4.44089e-16 dual_residual=3.9392e-06 x_size=20 x_finite=1
[DR PROJECTION CHECK] linear_violation=0 bound_violation=0
[DR RESTORE] iter=36 collision_shadow=1.42219 deterministic_shadow=0.37479 residual=7.81921
[DR PROJECTION QP] converged=1 status=0 iterations=30 primal_residual=5.65267e-11 dual_residual=4.79638e-08 x_size=20 x_finite=1
[DR PROJECTION CHECK] linear_violation=3.40123e-11 bound_violation=0
[DR PROJECTION QP] converged=1 status=0 iterations=18 primal_residual=3.55723e-16 dual_residual=1.42914e-05 x_size=20 x_finite=1
[DR PROJECTION CHECK] linear_violation=0 bound_violation=0
[DR RESTORE] iter=37 collision_shadow=1.42219 deterministic_shadow=0.374791 residual=7.81921
[DR PROJECTION QP] converged=1 status=0 iterations=25 primal_residual=2.28928e-13 dual_residual=6.63548e-11 x_size=20 x_finite=1
[DR PROJECTION CHECK] linear_violation=1.38278e-13 bound_violation=0
[DR PROJECTION QP] converged=1 status=0 iterations=18 primal_residual=2.77556e-16 dual_residual=1.70914e-06 x_size=20 x_finite=1
[DR PROJECTION CHECK] linear_violation=0 bound_violation=0
[DR RESTORE] iter=38 collision_shadow=1.42219 deterministic_shadow=0.37479 residual=7.81921
[DR PROJECTION QP] converged=1 status=0 iterations=30 primal_residual=1.25122e-13 dual_residual=5.13731e-11 x_size=20 x_finite=1
[DR PROJECTION CHECK] linear_violation=7.54952e-14 bound_violation=0
[DR PROJECTION QP] converged=1 status=0 iterations=18 primal_residual=4.44089e-16 dual_residual=7.77523e-05 x_size=20 x_finite=1
[DR PROJECTION CHECK] linear_violation=0 bound_violation=0
[DR RESTORE] iter=39 collision_shadow=1.42219 deterministic_shadow=0.374797 residual=7.81921
[DR PROJECTION QP] converged=1 status=0 iterations=31 primal_residual=6.21725e-14 dual_residual=6.96435e-11 x_size=20 x_finite=1
[DR PROJECTION CHECK] linear_violation=3.76366e-14 bound_violation=0
[DR PROJECTION QP] converged=1 status=0 iterations=18 primal_residual=3.33067e-16 dual_residual=8.60006e-07 x_size=20 x_finite=1
[DR PROJECTION CHECK] linear_violation=0 bound_violation=0
[DR RESTORE] iter=40 collision_shadow=1.42219 deterministic_shadow=0.37479 residual=7.81921
[DR PROJECTION QP] converged=1 status=0 iterations=29 primal_residual=4.44089e-16 dual_residual=2.37652e-08 x_size=20 x_finite=1
[DR PROJECTION CHECK] linear_violation=0 bound_violation=0
[DR PROJECTION QP] converged=1 status=0 iterations=18 primal_residual=4.44089e-16 dual_residual=2.11988e-06 x_size=20 x_finite=1
[DR PROJECTION CHECK] linear_violation=0 bound_violation=0
[DR RESTORE] iter=41 collision_shadow=1.42219 deterministic_shadow=0.37479 residual=7.81921
[DR PROJECTION QP] converged=1 status=0 iterations=30 primal_residual=3.508e-16 dual_residual=2.02632e-11 x_size=20 x_finite=1
[DR PROJECTION CHECK] linear_violation=0 bound_violation=0
[DR PROJECTION QP] converged=1 status=0 iterations=18 primal_residual=4.3577e-16 dual_residual=6.99253e-06 x_size=20 x_finite=1
[DR PROJECTION CHECK] linear_violation=0 bound_violation=0
[DR RESTORE] iter=42 collision_shadow=1.42219 deterministic_shadow=0.374791 residual=7.81921
[DR PROJECTION QP] converged=1 status=0 iterations=32 primal_residual=4.44089e-16 dual_residual=4.66561e-08 x_size=20 x_finite=1
[DR PROJECTION CHECK] linear_violation=0 bound_violation=0
[DR PROJECTION QP] converged=1 status=0 iterations=18 primal_residual=4.06674e-16 dual_residual=1.25875e-05 x_size=20 x_finite=1
[DR PROJECTION CHECK] linear_violation=0 bound_violation=0
[DR RESTORE] iter=43 collision_shadow=1.42219 deterministic_shadow=0.374791 residual=7.81921
[DR PROJECTION QP] converged=1 status=0 iterations=34 primal_residual=7.48179e-13 dual_residual=6.29796e-10 x_size=20 x_finite=1
[DR PROJECTION CHECK] linear_violation=4.52083e-13 bound_violation=0
[DR PROJECTION QP] converged=1 status=0 iterations=18 primal_residual=3.91079e-16 dual_residual=1.75689e-05 x_size=20 x_finite=1
[DR PROJECTION CHECK] linear_violation=0 bound_violation=0
[DR RESTORE] iter=44 collision_shadow=1.42219 deterministic_shadow=0.374791 residual=7.81921
[DR PROJECTION QP] converged=1 status=0 iterations=30 primal_residual=1.39849e-07 dual_residual=4.95296e-05 x_size=20 x_finite=1
[DR PROJECTION CHECK] linear_violation=8.42888e-08 bound_violation=0
[DR PROJECTION QP] converged=1 status=0 iterations=18 primal_residual=4.44089e-16 dual_residual=2.17455e-05 x_size=20 x_finite=1
[DR PROJECTION CHECK] linear_violation=0 bound_violation=0
[DR RESTORE] iter=45 collision_shadow=1.42219 deterministic_shadow=0.374791 residual=7.81921
[DR PROJECTION QP] converged=1 status=0 iterations=34 primal_residual=8.88178e-16 dual_residual=8.19197e-08 x_size=20 x_finite=1
[DR PROJECTION CHECK] linear_violation=0 bound_violation=0
[DR PROJECTION QP] converged=1 status=0 iterations=18 primal_residual=3.9377e-16 dual_residual=2.51448e-05 x_size=20 x_finite=1
[DR PROJECTION CHECK] linear_violation=0 bound_violation=0
[DR RESTORE] iter=46 collision_shadow=1.42219 deterministic_shadow=0.374792 residual=7.81921
[DR PROJECTION QP] converged=1 status=0 iterations=34 primal_residual=4.44089e-16 dual_residual=1.08681e-09 x_size=20 x_finite=1
[DR PROJECTION CHECK] linear_violation=0 bound_violation=0
[DR PROJECTION QP] converged=1 status=0 iterations=18 primal_residual=4.26037e-16 dual_residual=2.75988e-05 x_size=20 x_finite=1
[DR PROJECTION CHECK] linear_violation=0 bound_violation=0
[DR RESTORE] iter=47 collision_shadow=1.42219 deterministic_shadow=0.374792 residual=7.81921
[DR PROJECTION QP] converged=1 status=0 iterations=33 primal_residual=3.50631e-16 dual_residual=4.44016e-06 x_size=20 x_finite=1
[DR PROJECTION CHECK] linear_violation=0 bound_violation=0
[DR PROJECTION QP] converged=1 status=0 iterations=18 primal_residual=3.88578e-16 dual_residual=2.88193e-05 x_size=20 x_finite=1
[DR PROJECTION CHECK] linear_violation=0 bound_violation=0
[DR RESTORE] iter=48 collision_shadow=1.42219 deterministic_shadow=0.374791 residual=7.81921
[DR PROJECTION QP] converged=1 status=0 iterations=34 primal_residual=8.88178e-16 dual_residual=6.68606e-05 x_size=20 x_finite=1
[DR PROJECTION CHECK] linear_violation=0 bound_violation=0
[DR PROJECTION QP] converged=1 status=0 iterations=18 primal_residual=4.44089e-16 dual_residual=2.89311e-05 x_size=20 x_finite=1
[DR PROJECTION CHECK] linear_violation=0 bound_violation=0
[DR RESTORE] iter=49 collision_shadow=1.42219 deterministic_shadow=0.374784 residual=7.81921
[...]
[SQP LINESEARCH] iter=0 current_violation=0 accepted_violation=0 accepted=1 alpha=1 delta_u_norm=0.31497
[SQP SUPPORT] iter=0 support_size=0 support_limit=-1 support_ok=1
[SQP] before_solve iter=1 vars=8 constraints=21 max_d=-1.60012
[QP WORST] iter=1 row=16 type=velocity d=-1.60012
[SQP] after_solve iter=1 converged=1 status=0 iterations=3 primal_residual=4.18068e-16 dual_residual=5.21632e-05 x_size=8 x_finite=1
[SQP LINESEARCH] iter=1 current_violation=0 accepted_violation=0 accepted=1 alpha=1 delta_u_norm=0.293838
[SQP SUPPORT] iter=1 support_size=0 support_limit=-1 support_ok=1
[SQP] before_solve iter=2 vars=8 constraints=21 max_d=-1.6001
[QP WORST] iter=2 row=16 type=velocity d=-1.6001
[SQP] after_solve iter=2 converged=1 status=0 iterations=3 primal_residual=3.05311e-16 dual_residual=4.58686e-05 x_size=8 x_finite=1
[SQP LINESEARCH] iter=2 current_violation=0 accepted_violation=0 accepted=1 alpha=1 delta_u_norm=0.276925
[SQP SUPPORT] iter=2 support_size=0 support_limit=-1 support_ok=1
[SQP] before_solve iter=3 vars=8 constraints=21 max_d=-1.60009
[QP WORST] iter=3 row=16 type=velocity d=-1.60009
[SQP] after_solve iter=3 converged=1 status=0 iterations=3 primal_residual=4.19153e-16 dual_residual=4.06663e-05 x_size=8 x_finite=1
[SQP LINESEARCH] iter=3 current_violation=0 accepted_violation=0 accepted=1 alpha=1 delta_u_norm=0.262773
[SQP SUPPORT] iter=3 support_size=0 support_limit=-1 support_ok=1
[SQP] before_solve iter=4 vars=8 constraints=21 max_d=-1.60008
[QP WORST] iter=4 row=16 type=velocity d=-1.60008
[SQP] after_solve iter=4 converged=1 status=0 iterations=3 primal_residual=4.16334e-16 dual_residual=3.9843e-05 x_size=8 x_finite=1
[SQP LINESEARCH] iter=4 current_violation=0 accepted_violation=0 accepted=1 alpha=1 delta_u_norm=0.250524
[SQP SUPPORT] iter=4 support_size=0 support_limit=-1 support_ok=1
[SQP] before_solve iter=5 vars=8 constraints=21 max_d=-1.60008
[QP WORST] iter=5 row=16 type=velocity d=-1.60008
[SQP] after_solve iter=5 converged=1 status=0 iterations=3 primal_residual=4.13732e-16 dual_residual=3.84009e-05 x_size=8 x_finite=1
[SQP LINESEARCH] iter=5 current_violation=0 accepted_violation=0 accepted=1 alpha=1 delta_u_norm=0.239619
[SQP SUPPORT] iter=5 support_size=0 support_limit=-1 support_ok=1
[SQP] before_solve iter=6 vars=8 constraints=21 max_d=-1.58828
[QP WORST] iter=6 row=18 type=velocity d=-1.58828
[SQP] after_solve iter=6 converged=1 status=0 iterations=3 primal_residual=4.44089e-16 dual_residual=3.65397e-05 x_size=8 x_finite=1
[SQP LINESEARCH] iter=6 current_violation=0 accepted_violation=0 accepted=1 alpha=1 delta_u_norm=0.229699
[SQP SUPPORT] iter=6 support_size=0 support_limit=-1 support_ok=1
[SQP] before_solve iter=7 vars=8 constraints=21 max_d=-1.57356
[QP WORST] iter=7 row=18 type=velocity d=-1.57356
[SQP] after_solve iter=7 converged=1 status=0 iterations=3 primal_residual=3.92915e-16 dual_residual=3.44147e-05 x_size=8 x_finite=1
[SQP LINESEARCH] iter=7 current_violation=0 accepted_violation=0 accepted=1 alpha=1 delta_u_norm=0.220526
[SQP SUPPORT] iter=7 support_size=0 support_limit=-1 support_ok=1
[SQP] before_solve iter=8 vars=8 constraints=21 max_d=-1.55984
[QP WORST] iter=8 row=18 type=velocity d=-1.55984
[SQP] after_solve iter=8 converged=1 status=0 iterations=3 primal_residual=3.72098e-16 dual_residual=3.21363e-05 x_size=8 x_finite=1
[SQP LINESEARCH] iter=8 current_violation=0 accepted_violation=0 accepted=1 alpha=1 delta_u_norm=0.211941
[SQP SUPPORT] iter=8 support_size=0 support_limit=-1 support_ok=1
[SQP] before_solve iter=9 vars=8 constraints=21 max_d=-1.54701
[QP WORST] iter=9 row=18 type=velocity d=-1.54701
[SQP] after_solve iter=9 converged=1 status=0 iterations=3 primal_residual=4.05925e-16 dual_residual=2.9782e-05 x_size=8 x_finite=1
[SQP LINESEARCH] iter=9 current_violation=0 accepted_violation=0 accepted=1 alpha=1 delta_u_norm=0.203835
[SQP SUPPORT] iter=9 support_size=0 support_limit=-1 support_ok=1
[SQP FINAL] final_violation=0 violated_constraints=0
[SUPPORT FINAL] sqp_union=0 final_active=0 support_limit=-1
[SUPPORT FINAL IDS]
[SUPPORT UNION IDS]
[COLD START RECOVERY CHECK] ordinary_sqp_failed=0 seed_available=1 incompatible=0 try_homotopy=0
[HARNESS RESULT] step=1 success=1 controls=4 first_input_present=1
[MPC STEP METRICS] step=1 applied=1 success=1 fallback=0 a=2.99996 omega=-0.0301922 dt=0.1 acceleration_weight=0.1 steering_weight=0.1 control_cost_unweighted=9.00065 control_cost_weighted=0.900065 mpc_cost=-17.5595 solve_time=0.019683 qp_solve_time=0.0174432 constraint_time=0.00045303 dro_risk_time=0 ambiguity_radius=0 certificate=not_requested
[EVAL SAFETY] step=2 min_center_distance=7.21861 min_clearance=6.26861 collision_this_step=0 collision_run=0 collision_radius=0.95
[RF BACKUP] available=1 controls=4 states=5
[FREE POLY] k=1 disc=0 raw=4 facets=0 vertices=4 rho=4.8 anchor_shift=0
[FREE POLY] k=1 disc=1 raw=4 facets=0 vertices=4 rho=0.800001 anchor_shift=0
[FREE POLY] k=1 disc=2 raw=4 facets=0 vertices=4 rho=4.8 anchor_shift=0
[FREE POLY] k=2 disc=0 raw=4 facets=0 vertices=4 rho=5.6 anchor_shift=0
[FREE POLY] k=2 disc=1 raw=4 facets=0 vertices=4 rho=1.6 anchor_shift=0
[FREE POLY] k=2 disc=2 raw=4 facets=3 vertices=7 rho=5.6 anchor_shift=0
[FREE POLY] k=3 disc=0 raw=4 facets=0 vertices=4 rho=6.4 anchor_shift=0
[FREE POLY] k=3 disc=1 raw=4 facets=0 vertices=4 rho=2.4 anchor_shift=0
[FREE POLY] k=3 disc=2 raw=4 facets=3 vertices=6 rho=6.4 anchor_shift=0
[FREE POLY] k=4 disc=0 raw=4 facets=0 vertices=4 rho=7.2 anchor_shift=0
[FREE POLY] k=4 disc=1 raw=4 facets=0 vertices=4 rho=3.2 anchor_shift=0
[FREE POLY] k=4 disc=2 raw=4 facets=3 vertices=6 rho=7.2 anchor_shift=0
[RF SUPPORT SEED] removed=0 support_limit=-1
[SQP] before_solve iter=0 vars=8 constraints=25 max_d=-1.53494
[QP WORST] iter=0 row=20 type=velocity d=-1.53494
[SQP] after_solve iter=0 converged=1 status=0 iterations=3 primal_residual=5.55327e-09 dual_residual=4.20642e-05 x_size=8 x_finite=1
[SQP LINESEARCH] iter=0 current_violation=0 accepted_violation=0 accepted=1 alpha=1 delta_u_norm=0.521326
[SQP SUPPORT] iter=0 support_size=0 support_limit=-1 support_ok=1
[SQP] before_solve iter=1 vars=8 constraints=25 max_d=-1.49162
[QP WORST] iter=1 row=20 type=velocity d=-1.49162
[SQP] after_solve iter=1 converged=1 status=0 iterations=3 primal_residual=3.91415e-09 dual_residual=4.49197e-05 x_size=8 x_finite=1
[SQP LINESEARCH] iter=1 current_violation=0 accepted_violation=0 accepted=1 alpha=1 delta_u_norm=0.423692
[SQP SUPPORT] iter=1 support_size=0 support_limit=-1 support_ok=1
[SQP] before_solve iter=2 vars=8 constraints=25 max_d=-1.45845
[QP WORST] iter=2 row=20 type=velocity d=-1.45845
[SQP] after_solve iter=2 converged=1 status=0 iterations=3 primal_residual=3.92479e-09 dual_residual=5.1521e-05 x_size=8 x_finite=1
[SQP LINESEARCH] iter=2 current_violation=0 accepted_violation=0 accepted=1 alpha=1 delta_u_norm=0.364095
[SQP SUPPORT] iter=2 support_size=0 support_limit=-1 support_ok=1
[SQP] before_solve iter=3 vars=8 constraints=25 max_d=-1.43231
[QP WORST] iter=3 row=20 type=velocity d=-1.43231
[SQP] after_solve iter=3 converged=1 status=0 iterations=3 primal_residual=2.63524e-09 dual_residual=5.29367e-05 x_size=8 x_finite=1
[SQP LINESEARCH] iter=3 current_violation=0 accepted_violation=0 accepted=1 alpha=1 delta_u_norm=0.325568
[SQP SUPPORT] iter=3 support_size=0 support_limit=-1 support_ok=1
[SQP] before_solve iter=4 vars=8 constraints=25 max_d=-1.41112
[QP WORST] iter=4 row=20 type=velocity d=-1.41112
[SQP] after_solve iter=4 converged=1 status=0 iterations=3 primal_residual=2.94166e-09 dual_residual=5.41394e-05 x_size=8 x_finite=1
[SQP LINESEARCH] iter=4 current_violation=0 accepted_violation=0 accepted=1 alpha=1 delta_u_norm=0.29851
[SQP SUPPORT] iter=4 support_size=0 support_limit=-1 support_ok=1
[SQP] before_solve iter=5 vars=8 constraints=25 max_d=-1.39348
[QP WORST] iter=5 row=20 type=velocity d=-1.39348
[SQP] after_solve iter=5 converged=1 status=0 iterations=3 primal_residual=3.24641e-09 dual_residual=5.34403e-05 x_size=8 x_finite=1
[SQP LINESEARCH] iter=5 current_violation=0 accepted_violation=0 accepted=1 alpha=1 delta_u_norm=0.277572
[SQP SUPPORT] iter=5 support_size=0 support_limit=-1 support_ok=1
[SQP] before_solve iter=6 vars=8 constraints=25 max_d=-1.37847
[QP WORST] iter=6 row=20 type=velocity d=-1.37847
[SQP] after_solve iter=6 converged=1 status=0 iterations=3 primal_residual=3.45869e-09 dual_residual=5.14556e-05 x_size=8 x_finite=1
[SQP LINESEARCH] iter=6 current_violation=0 accepted_violation=0 accepted=1 alpha=1 delta_u_norm=0.260076
[SQP SUPPORT] iter=6 support_size=0 support_limit=-1 support_ok=1
[SQP] before_solve iter=7 vars=8 constraints=25 max_d=-1.36542
[QP WORST] iter=7 row=20 type=velocity d=-1.36542
[SQP] after_solve iter=7 converged=1 status=0 iterations=3 primal_residual=3.47309e-09 dual_residual=4.86278e-05 x_size=8 x_finite=1
[SQP LINESEARCH] iter=7 current_violation=0 accepted_violation=0 accepted=1 alpha=1 delta_u_norm=0.244665
[SQP SUPPORT] iter=7 support_size=0 support_limit=-1 support_ok=1
[SQP] before_solve iter=8 vars=8 constraints=25 max_d=-1.35389
[QP WORST] iter=8 row=20 type=velocity d=-1.35389
[SQP] after_solve iter=8 converged=1 status=0 iterations=3 primal_residual=2.95129e-09 dual_residual=4.50394e-05 x_size=8 x_finite=1
[SQP LINESEARCH] iter=8 current_violation=0 accepted_violation=0 accepted=1 alpha=1 delta_u_norm=0.230668
[SQP SUPPORT] iter=8 support_size=0 support_limit=-1 support_ok=1
[SQP] before_solve iter=9 vars=8 constraints=25 max_d=-1.34358
[QP WORST] iter=9 row=20 type=velocity d=-1.34358
[SQP] after_solve iter=9 converged=1 status=0 iterations=3 primal_residual=8.65587e-10 dual_residual=4.00891e-05 x_size=8 x_finite=1
[SQP LINESEARCH] iter=9 current_violation=0 accepted_violation=0 accepted=1 alpha=1 delta_u_norm=0.217742
[SQP SUPPORT] iter=9 support_size=0 support_limit=-1 support_ok=1
[SQP FINAL] final_violation=0 violated_constraints=0
[SUPPORT FINAL] sqp_union=0 final_active=0 support_limit=-1
[SUPPORT FINAL IDS]
[SUPPORT UNION IDS]
[COLD START RECOVERY CHECK] ordinary_sqp_failed=0 seed_available=1 incompatible=0 try_homotopy=0
[HARNESS RESULT] step=2 success=1 controls=4 first_input_present=1
[MPC STEP METRICS] step=2 applied=1 success=1 fallback=0 a=2.99909 omega=-0.0608086 dt=0.1 acceleration_weight=0.1 steering_weight=0.1 control_cost_unweighted=8.99827 control_cost_weighted=0.899827 mpc_cost=-18.0093 solve_time=0.0197372 qp_solve_time=0.0175639 constraint_time=0.00046788 dro_risk_time=0 ambiguity_radius=0 certificate=not_requested
[EVAL SAFETY] step=3 min_center_distance=7.04906 min_clearance=6.09906 collision_this_step=0 collision_run=0 collision_radius=0.95
[RF BACKUP] available=1 controls=4 states=5
[FREE POLY] k=1 disc=0 raw=4 facets=0 vertices=4 rho=4.8 anchor_shift=0
[FREE POLY] k=1 disc=1 raw=4 facets=0 vertices=4 rho=0.800001 anchor_shift=0
[FREE POLY] k=1 disc=2 raw=4 facets=0 vertices=4 rho=4.8 anchor_shift=0
[FREE POLY] k=2 disc=0 raw=4 facets=0 vertices=4 rho=5.6 anchor_shift=0
[FREE POLY] k=2 disc=1 raw=4 facets=0 vertices=4 rho=1.6 anchor_shift=0
[FREE POLY] k=2 disc=2 raw=4 facets=2 vertices=6 rho=5.6 anchor_shift=0
[FREE POLY] k=3 disc=0 raw=4 facets=0 vertices=4 rho=6.4 anchor_shift=0
[FREE POLY] k=3 disc=1 raw=4 facets=0 vertices=4 rho=2.4 anchor_shift=0
[FREE POLY] k=3 disc=2 raw=4 facets=2 vertices=5 rho=6.4 anchor_shift=0
[FREE POLY] k=4 disc=0 raw=4 facets=0 vertices=4 rho=7.2 anchor_shift=0
[FREE POLY] k=4 disc=1 raw=4 facets=0 vertices=4 rho=3.2 anchor_shift=0
[FREE POLY] k=4 disc=2 raw=4 facets=2 vertices=5 rho=7.2 anchor_shift=0
[RF SUPPORT SEED] removed=0 support_limit=-1
[SQP] before_solve iter=0 vars=8 constraints=22 max_d=-1.33427
[QP WORST] iter=0 row=15 type=velocity d=-1.33427
[SQP] after_solve iter=0 converged=1 status=0 iterations=4 primal_residual=3.88578e-16 dual_residual=7.95194e-05 x_size=8 x_finite=1
[SQP LINESEARCH] iter=0 current_violation=0 accepted_violation=0 accepted=1 alpha=1 delta_u_norm=0.492084
[SQP SUPPORT] iter=0 support_size=0 support_limit=-1 support_ok=1
[SQP] before_solve iter=1 vars=8 constraints=22 max_d=-1.30418
[QP WORST] iter=1 row=15 type=velocity d=-1.30418
[SQP] after_solve iter=1 converged=1 status=0 iterations=4 primal_residual=4.09395e-16 dual_residual=6.89977e-07 x_size=8 x_finite=1
[SQP LINESEARCH] iter=1 current_violation=0 accepted_violation=0 accepted=1 alpha=1 delta_u_norm=0.337708
[SQP SUPPORT] iter=1 support_size=0 support_limit=-1 support_ok=1
[SQP] before_solve iter=2 vars=8 constraints=22 max_d=-1.3001
[QP WORST] iter=2 row=15 type=velocity d=-1.3001
[SQP] after_solve iter=2 converged=1 status=0 iterations=4 primal_residual=4.16334e-16 dual_residual=4.93963e-07 x_size=8 x_finite=1
[SQP LINESEARCH] iter=2 current_violation=0 accepted_violation=0 accepted=1 alpha=1 delta_u_norm=0.305178
[SQP SUPPORT] iter=2 support_size=0 support_limit=-1 support_ok=1
[SQP] before_solve iter=3 vars=8 constraints=22 max_d=-1.3001
[QP WORST] iter=3 row=15 type=velocity d=-1.3001
[SQP] after_solve iter=3 converged=1 status=0 iterations=4 primal_residual=4.4062e-16 dual_residual=6.97392e-07 x_size=8 x_finite=1
[SQP LINESEARCH] iter=3 current_violation=0 accepted_violation=0 accepted=1 alpha=1 delta_u_norm=0.282982
[SQP SUPPORT] iter=3 support_size=0 support_limit=-1 support_ok=1
[SQP] before_solve iter=4 vars=8 constraints=22 max_d=-1.3001
[QP WORST] iter=4 row=15 type=velocity d=-1.3001
[SQP] after_solve iter=4 converged=1 status=0 iterations=4 primal_residual=3.92048e-16 dual_residual=9.28459e-07 x_size=8 x_finite=1
[SQP LINESEARCH] iter=4 current_violation=0 accepted_violation=0 accepted=1 alpha=1 delta_u_norm=0.265148
[SQP SUPPORT] iter=4 support_size=0 support_limit=-1 support_ok=1
[SQP] before_solve iter=5 vars=8 constraints=22 max_d=-1.3001
[QP WORST] iter=5 row=15 type=velocity d=-1.3001
[SQP] after_solve iter=5 converged=1 status=0 iterations=4 primal_residual=4.2067e-16 dual_residual=1.13966e-06 x_size=8 x_finite=1
[SQP LINESEARCH] iter=5 current_violation=0 accepted_violation=0 accepted=1 alpha=1 delta_u_norm=0.249765
[SQP SUPPORT] iter=5 support_size=0 support_limit=-1 support_ok=1
[SQP] before_solve iter=6 vars=8 constraints=22 max_d=-1.3001
[QP WORST] iter=6 row=15 type=velocity d=-1.3001
[SQP] after_solve iter=6 converged=1 status=0 iterations=4 primal_residual=3.92481e-16 dual_residual=1.35073e-06 x_size=8 x_finite=1
[SQP LINESEARCH] iter=6 current_violation=0 accepted_violation=0 accepted=1 alpha=1 delta_u_norm=0.235964
[SQP SUPPORT] iter=6 support_size=0 support_limit=-1 support_ok=1
[SQP] before_solve iter=7 vars=8 constraints=22 max_d=-1.3001
[QP WORST] iter=7 row=15 type=velocity d=-1.3001
[SQP] after_solve iter=7 converged=1 status=0 iterations=4 primal_residual=3.88578e-16 dual_residual=1.52814e-06 x_size=8 x_finite=1
[SQP LINESEARCH] iter=7 current_violation=0 accepted_violation=0 accepted=1 alpha=1 delta_u_norm=0.223295
[SQP SUPPORT] iter=7 support_size=0 support_limit=-1 support_ok=1
[SQP] before_solve iter=8 vars=8 constraints=22 max_d=-1.30011
[QP WORST] iter=8 row=15 type=velocity d=-1.30011
[SQP] after_solve iter=8 converged=1 status=0 iterations=4 primal_residual=4.42138e-16 dual_residual=1.66581e-06 x_size=8 x_finite=1
[SQP LINESEARCH] iter=8 current_violation=0 accepted_violation=0 accepted=1 alpha=1 delta_u_norm=0.21152
[SQP SUPPORT] iter=8 support_size=0 support_limit=-1 support_ok=1
[SQP] before_solve iter=9 vars=8 constraints=22 max_d=-1.2966
[QP WORST] iter=9 row=17 type=velocity d=-1.2966
[SQP] after_solve iter=9 converged=1 status=0 iterations=4 primal_residual=3.747e-16 dual_residual=1.7636e-06 x_size=8 x_finite=1
[SQP LINESEARCH] iter=9 current_violation=0 accepted_violation=0 accepted=1 alpha=1 delta_u_norm=0.200513
[SQP SUPPORT] iter=9 support_size=0 support_limit=-1 support_ok=1
[SQP FINAL] final_violation=0 violated_constraints=0
[SUPPORT FINAL] sqp_union=0 final_active=0 support_limit=-1
[SUPPORT FINAL IDS]
[SUPPORT UNION IDS]
[COLD START RECOVERY CHECK] ordinary_sqp_failed=0 seed_available=1 incompatible=0 try_homotopy=0
[HARNESS RESULT] step=3 success=1 controls=4 first_input_present=1
[MPC STEP METRICS] step=3 applied=1 success=1 fallback=0 a=2.99985 omega=-0.0803642 dt=0.1 acceleration_weight=0.1 steering_weight=0.1 control_cost_unweighted=9.00556 control_cost_weighted=0.900556 mpc_cost=-18.6061 solve_time=0.0196599 qp_solve_time=0.0174965 constraint_time=0.000449985 dro_risk_time=0 ambiguity_radius=0 certificate=not_requested
[EVAL SAFETY] step=4 min_center_distance=6.84716 min_clearance=5.89716 collision_this_step=0 collision_run=0 collision_radius=0.95
[PATH COMPLETION] step=4 completion_progress=0.839931 path_length=28.2431 fraction=0.0297393 required_fraction=0.95 termination_enabled=1 completed=0
PASS: resolved configuration replays the model-driven rollout outcome
PASS: disabled constraint visualization omits CSV and overlay
PASS: stage-matched disc diagnostics remain available without drawing predicted-disc circles
PASS: constraint option changes rendered GIF frames
PASS: artifact regression cleanup removes its isolated temporary directory
<end of output>
Test time =   0.97 sec
----------------------------------------------------------
Test Passed.
"test_experiment_artifacts" end time: Sep 22 20:28 EDT
"test_experiment_artifacts" time elapsed: 00:00:00
----------------------------------------------------------

36/64 Testing: test_sample_efficiency
36/64 Test: test_sample_efficiency
Command: "/usr/bin/python3" "/home/stephen/ros2_ws/src/DRO_SHMPCC/tests/test_sample_efficiency.py"
Directory: /home/stephen/ros2_ws/src/DRO_SHMPCC/build-rare-mode
"test_sample_efficiency" start time: Sep 22 20:28 EDT
Output:
----------------------------------------------------------
test_counts_budgets_and_graded_profiles (__main__.SamplingTests.test_counts_budgets_and_graded_profiles) ... ok
test_exact_discordance_and_no_collision_not_completion (__main__.SamplingTests.test_exact_discordance_and_no_collision_not_completion) ... ok
test_missing_mismatch_key_is_an_error (__main__.SamplingTests.test_missing_mismatch_key_is_an_error) ... ok

----------------------------------------------------------------------
Ran 3 tests in 0.039s

OK
<end of output>
Test time =   0.10 sec
----------------------------------------------------------
Test Passed.
"test_sample_efficiency" end time: Sep 22 20:28 EDT
"test_sample_efficiency" time elapsed: 00:00:00
----------------------------------------------------------

37/64 Testing: test_sample_efficiency_smoke
37/64 Test: test_sample_efficiency_smoke
Command: "/usr/bin/python3" "/home/stephen/ros2_ws/src/DRO_SHMPCC/tests/test_sample_efficiency.py" "--runner" "/home/stephen/ros2_ws/src/DRO_SHMPCC/build-rare-mode/experiment_runner"
Directory: /home/stephen/ros2_ws/src/DRO_SHMPCC/build-rare-mode
"test_sample_efficiency_smoke" start time: Sep 22 20:28 EDT
Output:
----------------------------------------------------------
test_counts_budgets_and_graded_profiles (__main__.SamplingTests.test_counts_budgets_and_graded_profiles) ... ok
test_exact_discordance_and_no_collision_not_completion (__main__.SamplingTests.test_exact_discordance_and_no_collision_not_completion) ... ok
test_missing_mismatch_key_is_an_error (__main__.SamplingTests.test_missing_mismatch_key_is_an_error) ... ok

----------------------------------------------------------------------
Ran 3 tests in 0.041s

OK
PASS: 40 trials × 2 repeats, all five policies, four severities, two budgets, 80 pair checks, nominal/plant evidence, resume
<end of output>
Test time =   6.48 sec
----------------------------------------------------------
Test Passed.
"test_sample_efficiency_smoke" end time: Sep 22 20:28 EDT
"test_sample_efficiency_smoke" time elapsed: 00:00:06
----------------------------------------------------------

End testing: Sep 22 20:28 EDT

deterministic =   8.02 sec*proc

integration =   7.92 sec*proc

unit =   0.10 sec*proc

